Analysis & Synthesis report for VGA_Paint
Tue May 10 01:17:02 2022
Quartus Prime Version 20.1.1 Build 720 11/11/2020 SJ Lite Edition


---------------------
; Table of Contents ;
---------------------
  1. Legal Notice
  2. Analysis & Synthesis Summary
  3. Analysis & Synthesis Settings
  4. Parallel Compilation
  5. Analysis & Synthesis Source Files Read
  6. Analysis & Synthesis Resource Usage Summary
  7. Analysis & Synthesis Resource Utilization by Entity
  8. Analysis & Synthesis DSP Block Usage Summary
  9. General Register Statistics
 10. Multiplexer Restructuring Statistics (Restructuring Performed)
 11. Post-Synthesis Netlist Statistics for Top Partition
 12. Elapsed Time Per Partition
 13. Analysis & Synthesis Messages



----------------
; Legal Notice ;
----------------
Copyright (C) 2020  Intel Corporation. All rights reserved.
Your use of Intel Corporation's design tools, logic functions 
and other software and tools, and any partner logic 
functions, and any output files from any of the foregoing 
(including device programming or simulation files), and any 
associated documentation or information are expressly subject 
to the terms and conditions of the Intel Program License 
Subscription Agreement, the Intel Quartus Prime License Agreement,
the Intel FPGA IP License Agreement, or other applicable license
agreement, including, without limitation, that your use is for
the sole purpose of programming logic devices manufactured by
Intel and sold by Intel or its authorized distributors.  Please
refer to the applicable agreement for further details, at
https://fpgasoftware.intel.com/eula.



+-------------------------------------------------------------------------------+
; Analysis & Synthesis Summary                                                  ;
+---------------------------------+---------------------------------------------+
; Analysis & Synthesis Status     ; Successful - Tue May 10 01:17:02 2022       ;
; Quartus Prime Version           ; 20.1.1 Build 720 11/11/2020 SJ Lite Edition ;
; Revision Name                   ; VGA_Paint                                   ;
; Top-level Entity Name           ; VGA_Paint                                   ;
; Family                          ; Cyclone V                                   ;
; Logic utilization (in ALMs)     ; N/A                                         ;
; Total registers                 ; 24                                          ;
; Total pins                      ; 51                                          ;
; Total virtual pins              ; 0                                           ;
; Total block memory bits         ; 0                                           ;
; Total DSP Blocks                ; 11                                          ;
; Total HSSI RX PCSs              ; 0                                           ;
; Total HSSI PMA RX Deserializers ; 0                                           ;
; Total HSSI TX PCSs              ; 0                                           ;
; Total HSSI PMA TX Serializers   ; 0                                           ;
; Total PLLs                      ; 0                                           ;
; Total DLLs                      ; 0                                           ;
+---------------------------------+---------------------------------------------+


+---------------------------------------------------------------------------------------------------------------------------+
; Analysis & Synthesis Settings                                                                                             ;
+---------------------------------------------------------------------------------+--------------------+--------------------+
; Option                                                                          ; Setting            ; Default Value      ;
+---------------------------------------------------------------------------------+--------------------+--------------------+
; Device                                                                          ; 5CSXFC6D6F31C6     ;                    ;
; Top-level entity name                                                           ; VGA_Paint          ; VGA_Paint          ;
; Family name                                                                     ; Cyclone V          ; Cyclone V          ;
; Use smart compilation                                                           ; Off                ; Off                ;
; Enable parallel Assembler and Timing Analyzer during compilation                ; On                 ; On                 ;
; Enable compact report table                                                     ; Off                ; Off                ;
; Restructure Multiplexers                                                        ; Auto               ; Auto               ;
; MLAB Add Timing Constraints For Mixed-Port Feed-Through Mode Setting Don't Care ; Off                ; Off                ;
; Create Debugging Nodes for IP Cores                                             ; Off                ; Off                ;
; Preserve fewer node names                                                       ; On                 ; On                 ;
; Intel FPGA IP Evaluation Mode                                                   ; Enable             ; Enable             ;
; Verilog Version                                                                 ; Verilog_2001       ; Verilog_2001       ;
; VHDL Version                                                                    ; VHDL_1993          ; VHDL_1993          ;
; State Machine Processing                                                        ; Auto               ; Auto               ;
; Safe State Machine                                                              ; Off                ; Off                ;
; Extract Verilog State Machines                                                  ; On                 ; On                 ;
; Extract VHDL State Machines                                                     ; On                 ; On                 ;
; Ignore Verilog initial constructs                                               ; Off                ; Off                ;
; Iteration limit for constant Verilog loops                                      ; 5000               ; 5000               ;
; Iteration limit for non-constant Verilog loops                                  ; 250                ; 250                ;
; Add Pass-Through Logic to Inferred RAMs                                         ; On                 ; On                 ;
; Infer RAMs from Raw Logic                                                       ; On                 ; On                 ;
; Parallel Synthesis                                                              ; On                 ; On                 ;
; DSP Block Balancing                                                             ; Auto               ; Auto               ;
; NOT Gate Push-Back                                                              ; On                 ; On                 ;
; Power-Up Don't Care                                                             ; On                 ; On                 ;
; Remove Redundant Logic Cells                                                    ; Off                ; Off                ;
; Remove Duplicate Registers                                                      ; On                 ; On                 ;
; Ignore CARRY Buffers                                                            ; Off                ; Off                ;
; Ignore CASCADE Buffers                                                          ; Off                ; Off                ;
; Ignore GLOBAL Buffers                                                           ; Off                ; Off                ;
; Ignore ROW GLOBAL Buffers                                                       ; Off                ; Off                ;
; Ignore LCELL Buffers                                                            ; Off                ; Off                ;
; Ignore SOFT Buffers                                                             ; On                 ; On                 ;
; Limit AHDL Integers to 32 Bits                                                  ; Off                ; Off                ;
; Optimization Technique                                                          ; Balanced           ; Balanced           ;
; Carry Chain Length                                                              ; 70                 ; 70                 ;
; Auto Carry Chains                                                               ; On                 ; On                 ;
; Auto Open-Drain Pins                                                            ; On                 ; On                 ;
; Perform WYSIWYG Primitive Resynthesis                                           ; Off                ; Off                ;
; Auto ROM Replacement                                                            ; On                 ; On                 ;
; Auto RAM Replacement                                                            ; On                 ; On                 ;
; Auto DSP Block Replacement                                                      ; On                 ; On                 ;
; Auto Shift Register Replacement                                                 ; Auto               ; Auto               ;
; Allow Shift Register Merging across Hierarchies                                 ; Auto               ; Auto               ;
; Auto Clock Enable Replacement                                                   ; On                 ; On                 ;
; Strict RAM Replacement                                                          ; Off                ; Off                ;
; Allow Synchronous Control Signals                                               ; On                 ; On                 ;
; Force Use of Synchronous Clear Signals                                          ; Off                ; Off                ;
; Auto Resource Sharing                                                           ; Off                ; Off                ;
; Allow Any RAM Size For Recognition                                              ; Off                ; Off                ;
; Allow Any ROM Size For Recognition                                              ; Off                ; Off                ;
; Allow Any Shift Register Size For Recognition                                   ; Off                ; Off                ;
; Use LogicLock Constraints during Resource Balancing                             ; On                 ; On                 ;
; Ignore translate_off and synthesis_off directives                               ; Off                ; Off                ;
; Timing-Driven Synthesis                                                         ; On                 ; On                 ;
; Report Parameter Settings                                                       ; On                 ; On                 ;
; Report Source Assignments                                                       ; On                 ; On                 ;
; Report Connectivity Checks                                                      ; On                 ; On                 ;
; Ignore Maximum Fan-Out Assignments                                              ; Off                ; Off                ;
; Synchronization Register Chain Length                                           ; 3                  ; 3                  ;
; Power Optimization During Synthesis                                             ; Normal compilation ; Normal compilation ;
; HDL message level                                                               ; Level2             ; Level2             ;
; Suppress Register Optimization Related Messages                                 ; Off                ; Off                ;
; Number of Removed Registers Reported in Synthesis Report                        ; 5000               ; 5000               ;
; Number of Swept Nodes Reported in Synthesis Report                              ; 5000               ; 5000               ;
; Number of Inverted Registers Reported in Synthesis Report                       ; 100                ; 100                ;
; Clock MUX Protection                                                            ; On                 ; On                 ;
; Auto Gated Clock Conversion                                                     ; Off                ; Off                ;
; Block Design Naming                                                             ; Auto               ; Auto               ;
; SDC constraint protection                                                       ; Off                ; Off                ;
; Synthesis Effort                                                                ; Auto               ; Auto               ;
; Shift Register Replacement - Allow Asynchronous Clear Signal                    ; On                 ; On                 ;
; Pre-Mapping Resynthesis Optimization                                            ; Off                ; Off                ;
; Analysis & Synthesis Message Level                                              ; Medium             ; Medium             ;
; Disable Register Merging Across Hierarchies                                     ; Auto               ; Auto               ;
; Resource Aware Inference For Block RAM                                          ; On                 ; On                 ;
; Automatic Parallel Synthesis                                                    ; On                 ; On                 ;
; Partial Reconfiguration Bitstream ID                                            ; Off                ; Off                ;
+---------------------------------------------------------------------------------+--------------------+--------------------+


+------------------------------------------+
; Parallel Compilation                     ;
+----------------------------+-------------+
; Processors                 ; Number      ;
+----------------------------+-------------+
; Number detected on machine ; 6           ;
; Maximum allowed            ; 6           ;
;                            ;             ;
; Average used               ; 1.00        ;
; Maximum used               ; 6           ;
;                            ;             ;
; Usage by Processor         ; % Time Used ;
;     Processor 1            ; 100.0%      ;
;     Processors 2-6         ;   0.0%      ;
+----------------------------+-------------+


+------------------------------------------------------------------------------------------------------------------------------+
; Analysis & Synthesis Source Files Read                                                                                       ;
+----------------------------------+-----------------+------------------------+--------------------------------------+---------+
; File Name with User-Entered Path ; Used in Netlist ; File Type              ; File Name with Absolute Path         ; Library ;
+----------------------------------+-----------------+------------------------+--------------------------------------+---------+
; VGA_Paint.v                      ; yes             ; User Verilog HDL File  ; C:/FPGA/0509_Hw/Triangle/VGA_Paint.v ;         ;
+----------------------------------+-----------------+------------------------+--------------------------------------+---------+


+------------------------------------------------------------+
; Analysis & Synthesis Resource Usage Summary                ;
+---------------------------------------------+--------------+
; Resource                                    ; Usage        ;
+---------------------------------------------+--------------+
; Estimate of Logic utilization (ALMs needed) ; 143          ;
;                                             ;              ;
; Combinational ALUT usage for logic          ; 276          ;
;     -- 7 input functions                    ; 0            ;
;     -- 6 input functions                    ; 9            ;
;     -- 5 input functions                    ; 10           ;
;     -- 4 input functions                    ; 8            ;
;     -- <=3 input functions                  ; 249          ;
;                                             ;              ;
; Dedicated logic registers                   ; 24           ;
;                                             ;              ;
; I/O pins                                    ; 51           ;
;                                             ;              ;
; Total DSP Blocks                            ; 11           ;
;                                             ;              ;
; Maximum fan-out node                        ; VGA_CLK~reg0 ;
; Maximum fan-out                             ; 25           ;
; Total fan-out                               ; 1028         ;
; Average fan-out                             ; 2.49         ;
+---------------------------------------------+--------------+


+----------------------------------------------------------------------------------------------------------------------------------------------------------------------------------------+
; Analysis & Synthesis Resource Utilization by Entity                                                                                                                                    ;
+----------------------------+---------------------+---------------------------+-------------------+------------+------+--------------+---------------------+-------------+--------------+
; Compilation Hierarchy Node ; Combinational ALUTs ; Dedicated Logic Registers ; Block Memory Bits ; DSP Blocks ; Pins ; Virtual Pins ; Full Hierarchy Name ; Entity Name ; Library Name ;
+----------------------------+---------------------+---------------------------+-------------------+------------+------+--------------+---------------------+-------------+--------------+
; |VGA_Paint                 ; 276 (276)           ; 24 (24)                   ; 0                 ; 11         ; 51   ; 0            ; |VGA_Paint          ; VGA_Paint   ; work         ;
+----------------------------+---------------------+---------------------------+-------------------+------------+------+--------------+---------------------+-------------+--------------+
Note: For table entries with two numbers listed, the numbers in parentheses indicate the number of resources of the given type used by the specific entity alone. The numbers listed outside of parentheses indicate the total resources of the given type used by the specific entity and all of its sub-entities in the hierarchy.


+-----------------------------------------------+
; Analysis & Synthesis DSP Block Usage Summary  ;
+---------------------------------+-------------+
; Statistic                       ; Number Used ;
+---------------------------------+-------------+
; Two Independent 18x18           ; 5           ;
; Independent 18x18 plus 36       ; 6           ;
; Total number of DSP blocks      ; 11          ;
;                                 ;             ;
; Fixed Point Unsigned Multiplier ; 11          ;
+---------------------------------+-------------+


+------------------------------------------------------+
; General Register Statistics                          ;
+----------------------------------------------+-------+
; Statistic                                    ; Value ;
+----------------------------------------------+-------+
; Total registers                              ; 24    ;
; Number of registers using Synchronous Clear  ; 0     ;
; Number of registers using Synchronous Load   ; 0     ;
; Number of registers using Asynchronous Clear ; 0     ;
; Number of registers using Asynchronous Load  ; 0     ;
; Number of registers using Clock Enable       ; 0     ;
; Number of registers using Preset             ; 0     ;
+----------------------------------------------+-------+


+------------------------------------------------------------------------------------------------------------------------------------------+
; Multiplexer Restructuring Statistics (Restructuring Performed)                                                                           ;
+--------------------+-----------+---------------+----------------------+------------------------+------------+----------------------------+
; Multiplexer Inputs ; Bus Width ; Baseline Area ; Area if Restructured ; Saving if Restructured ; Registered ; Example Multiplexer Output ;
+--------------------+-----------+---------------+----------------------+------------------------+------------+----------------------------+
; 3:1                ; 10 bits   ; 20 LEs        ; 20 LEs               ; 0 LEs                  ; No         ; |VGA_Paint|ver_counter     ;
+--------------------+-----------+---------------+----------------------+------------------------+------------+----------------------------+


+-----------------------------------------------------+
; Post-Synthesis Netlist Statistics for Top Partition ;
+-----------------------+-----------------------------+
; Type                  ; Count                       ;
+-----------------------+-----------------------------+
; arriav_ff             ; 24                          ;
;     plain             ; 24                          ;
; arriav_lcell_comb     ; 279                         ;
;     arith             ; 205                         ;
;         0 data inputs ; 4                           ;
;         1 data inputs ; 62                          ;
;         2 data inputs ; 97                          ;
;         3 data inputs ; 42                          ;
;     normal            ; 38                          ;
;         0 data inputs ; 2                           ;
;         1 data inputs ; 2                           ;
;         2 data inputs ; 6                           ;
;         3 data inputs ; 1                           ;
;         4 data inputs ; 8                           ;
;         5 data inputs ; 10                          ;
;         6 data inputs ; 9                           ;
;     shared            ; 36                          ;
;         0 data inputs ; 2                           ;
;         1 data inputs ; 4                           ;
;         2 data inputs ; 30                          ;
; arriav_mac            ; 11                          ;
; boundary_port         ; 51                          ;
;                       ;                             ;
; Max LUT depth         ; 11.60                       ;
; Average LUT depth     ; 8.03                        ;
+-----------------------+-----------------------------+


+-------------------------------+
; Elapsed Time Per Partition    ;
+----------------+--------------+
; Partition Name ; Elapsed Time ;
+----------------+--------------+
; Top            ; 00:00:00     ;
+----------------+--------------+


+-------------------------------+
; Analysis & Synthesis Messages ;
+-------------------------------+
Info: *******************************************************************
Info: Running Quartus Prime Analysis & Synthesis
    Info: Version 20.1.1 Build 720 11/11/2020 SJ Lite Edition
    Info: Processing started: Tue May 10 01:16:55 2022
Info: Command: quartus_map --read_settings_files=on --write_settings_files=off VGA_Paint -c VGA_Paint
Warning (18236): Number of processors has not been specified which may cause overloading on shared machines.  Set the global assignment NUM_PARALLEL_PROCESSORS in your QSF to an appropriate value for best performance.
Info (20030): Parallel compilation is enabled and will use 6 of the 6 processors detected
Info (12021): Found 1 design units, including 1 entities, in source file vga_paint.v
    Info (12023): Found entity 1: VGA_Paint File: C:/FPGA/0509_Hw/Triangle/VGA_Paint.v Line: 1
Info (12021): Found 1 design units, including 1 entities, in source file vga_paint_tb.v
    Info (12023): Found entity 1: VGA_Paint_tb File: C:/FPGA/0509_Hw/Triangle/VGA_Paint_tb.v Line: 2
Info (12127): Elaborating entity "VGA_Paint" for the top level hierarchy
Warning (10230): Verilog HDL assignment warning at VGA_Paint.v(25): truncated value with size 32 to match size of target (10) File: C:/FPGA/0509_Hw/Triangle/VGA_Paint.v Line: 25
Warning (10230): Verilog HDL assignment warning at VGA_Paint.v(28): truncated value with size 32 to match size of target (10) File: C:/FPGA/0509_Hw/Triangle/VGA_Paint.v Line: 28
Warning (10230): Verilog HDL assignment warning at VGA_Paint.v(44): truncated value with size 32 to match size of target (22) File: C:/FPGA/0509_Hw/Triangle/VGA_Paint.v Line: 44
Warning (10230): Verilog HDL assignment warning at VGA_Paint.v(45): truncated value with size 32 to match size of target (21) File: C:/FPGA/0509_Hw/Triangle/VGA_Paint.v Line: 45
Warning (10240): Verilog HDL Always Construct warning at VGA_Paint.v(53): inferring latch(es) for variable "Test", which holds its previous value in one or more paths through the always construct File: C:/FPGA/0509_Hw/Triangle/VGA_Paint.v Line: 53
Info (10041): Inferred latch for "Test[0]" at VGA_Paint.v(59) File: C:/FPGA/0509_Hw/Triangle/VGA_Paint.v Line: 59
Info (10041): Inferred latch for "Test[1]" at VGA_Paint.v(59) File: C:/FPGA/0509_Hw/Triangle/VGA_Paint.v Line: 59
Info (10041): Inferred latch for "Test[2]" at VGA_Paint.v(59) File: C:/FPGA/0509_Hw/Triangle/VGA_Paint.v Line: 59
Info (10041): Inferred latch for "Test[3]" at VGA_Paint.v(59) File: C:/FPGA/0509_Hw/Triangle/VGA_Paint.v Line: 59
Info (10041): Inferred latch for "Test[4]" at VGA_Paint.v(59) File: C:/FPGA/0509_Hw/Triangle/VGA_Paint.v Line: 59
Info (10041): Inferred latch for "Test[5]" at VGA_Paint.v(59) File: C:/FPGA/0509_Hw/Triangle/VGA_Paint.v Line: 59
Info (10041): Inferred latch for "Test[6]" at VGA_Paint.v(59) File: C:/FPGA/0509_Hw/Triangle/VGA_Paint.v Line: 59
Info (10041): Inferred latch for "Test[7]" at VGA_Paint.v(59) File: C:/FPGA/0509_Hw/Triangle/VGA_Paint.v Line: 59
Info (10041): Inferred latch for "Test[8]" at VGA_Paint.v(59) File: C:/FPGA/0509_Hw/Triangle/VGA_Paint.v Line: 59
Info (10041): Inferred latch for "Test[9]" at VGA_Paint.v(59) File: C:/FPGA/0509_Hw/Triangle/VGA_Paint.v Line: 59
Info (10041): Inferred latch for "Test[10]" at VGA_Paint.v(59) File: C:/FPGA/0509_Hw/Triangle/VGA_Paint.v Line: 59
Info (10041): Inferred latch for "Test[11]" at VGA_Paint.v(59) File: C:/FPGA/0509_Hw/Triangle/VGA_Paint.v Line: 59
Info (10041): Inferred latch for "Test[12]" at VGA_Paint.v(59) File: C:/FPGA/0509_Hw/Triangle/VGA_Paint.v Line: 59
Info (10041): Inferred latch for "Test[13]" at VGA_Paint.v(59) File: C:/FPGA/0509_Hw/Triangle/VGA_Paint.v Line: 59
Info (10041): Inferred latch for "Test[14]" at VGA_Paint.v(59) File: C:/FPGA/0509_Hw/Triangle/VGA_Paint.v Line: 59
Info (10041): Inferred latch for "Test[15]" at VGA_Paint.v(59) File: C:/FPGA/0509_Hw/Triangle/VGA_Paint.v Line: 59
Info (10041): Inferred latch for "Test[16]" at VGA_Paint.v(59) File: C:/FPGA/0509_Hw/Triangle/VGA_Paint.v Line: 59
Info (10041): Inferred latch for "Test[17]" at VGA_Paint.v(59) File: C:/FPGA/0509_Hw/Triangle/VGA_Paint.v Line: 59
Info (10041): Inferred latch for "Test[18]" at VGA_Paint.v(59) File: C:/FPGA/0509_Hw/Triangle/VGA_Paint.v Line: 59
Info (10041): Inferred latch for "Test[19]" at VGA_Paint.v(59) File: C:/FPGA/0509_Hw/Triangle/VGA_Paint.v Line: 59
Info (10041): Inferred latch for "Test[20]" at VGA_Paint.v(59) File: C:/FPGA/0509_Hw/Triangle/VGA_Paint.v Line: 59
Warning (13024): Output pins are stuck at VCC or GND
    Warning (13410): Pin "Green[0]" is stuck at VCC File: C:/FPGA/0509_Hw/Triangle/VGA_Paint.v Line: 7
    Warning (13410): Pin "Green[1]" is stuck at VCC File: C:/FPGA/0509_Hw/Triangle/VGA_Paint.v Line: 7
    Warning (13410): Pin "Green[2]" is stuck at VCC File: C:/FPGA/0509_Hw/Triangle/VGA_Paint.v Line: 7
    Warning (13410): Pin "Green[3]" is stuck at VCC File: C:/FPGA/0509_Hw/Triangle/VGA_Paint.v Line: 7
    Warning (13410): Pin "Green[4]" is stuck at VCC File: C:/FPGA/0509_Hw/Triangle/VGA_Paint.v Line: 7
    Warning (13410): Pin "Green[5]" is stuck at VCC File: C:/FPGA/0509_Hw/Triangle/VGA_Paint.v Line: 7
    Warning (13410): Pin "Green[6]" is stuck at VCC File: C:/FPGA/0509_Hw/Triangle/VGA_Paint.v Line: 7
    Warning (13410): Pin "Green[7]" is stuck at VCC File: C:/FPGA/0509_Hw/Triangle/VGA_Paint.v Line: 7
    Warning (13410): Pin "VGA_SYNC_N" is stuck at GND File: C:/FPGA/0509_Hw/Triangle/VGA_Paint.v Line: 11
    Warning (13410): Pin "Test[0]" is stuck at GND File: C:/FPGA/0509_Hw/Triangle/VGA_Paint.v Line: 59
    Warning (13410): Pin "Test[1]" is stuck at GND File: C:/FPGA/0509_Hw/Triangle/VGA_Paint.v Line: 59
    Warning (13410): Pin "Test[2]" is stuck at GND File: C:/FPGA/0509_Hw/Triangle/VGA_Paint.v Line: 59
    Warning (13410): Pin "Test[3]" is stuck at GND File: C:/FPGA/0509_Hw/Triangle/VGA_Paint.v Line: 59
    Warning (13410): Pin "Test[4]" is stuck at GND File: C:/FPGA/0509_Hw/Triangle/VGA_Paint.v Line: 59
    Warning (13410): Pin "Test[5]" is stuck at VCC File: C:/FPGA/0509_Hw/Triangle/VGA_Paint.v Line: 59
    Warning (13410): Pin "Test[6]" is stuck at VCC File: C:/FPGA/0509_Hw/Triangle/VGA_Paint.v Line: 59
    Warning (13410): Pin "Test[7]" is stuck at VCC File: C:/FPGA/0509_Hw/Triangle/VGA_Paint.v Line: 59
    Warning (13410): Pin "Test[8]" is stuck at VCC File: C:/FPGA/0509_Hw/Triangle/VGA_Paint.v Line: 59
    Warning (13410): Pin "Test[9]" is stuck at VCC File: C:/FPGA/0509_Hw/Triangle/VGA_Paint.v Line: 59
    Warning (13410): Pin "Test[10]" is stuck at GND File: C:/FPGA/0509_Hw/Triangle/VGA_Paint.v Line: 59
    Warning (13410): Pin "Test[11]" is stuck at VCC File: C:/FPGA/0509_Hw/Triangle/VGA_Paint.v Line: 59
    Warning (13410): Pin "Test[12]" is stuck at GND File: C:/FPGA/0509_Hw/Triangle/VGA_Paint.v Line: 59
    Warning (13410): Pin "Test[13]" is stuck at VCC File: C:/FPGA/0509_Hw/Triangle/VGA_Paint.v Line: 59
    Warning (13410): Pin "Test[14]" is stuck at GND File: C:/FPGA/0509_Hw/Triangle/VGA_Paint.v Line: 59
    Warning (13410): Pin "Test[15]" is stuck at VCC File: C:/FPGA/0509_Hw/Triangle/VGA_Paint.v Line: 59
    Warning (13410): Pin "Test[16]" is stuck at GND File: C:/FPGA/0509_Hw/Triangle/VGA_Paint.v Line: 59
    Warning (13410): Pin "Test[17]" is stuck at GND File: C:/FPGA/0509_Hw/Triangle/VGA_Paint.v Line: 59
    Warning (13410): Pin "Test[18]" is stuck at GND File: C:/FPGA/0509_Hw/Triangle/VGA_Paint.v Line: 59
    Warning (13410): Pin "Test[19]" is stuck at GND File: C:/FPGA/0509_Hw/Triangle/VGA_Paint.v Line: 59
    Warning (13410): Pin "Test[20]" is stuck at GND File: C:/FPGA/0509_Hw/Triangle/VGA_Paint.v Line: 59
Info (286030): Timing-Driven Synthesis is running
Info (16010): Generating hard_block partition "hard_block:auto_generated_inst"
    Info (16011): Adding 0 node(s), including 0 DDIO, 0 PLL, 0 transceiver and 0 LCELL
Info (21057): Implemented 355 device resources after synthesis - the final resource count might be different
    Info (21058): Implemented 1 input pins
    Info (21059): Implemented 50 output pins
    Info (21061): Implemented 293 logic cells
    Info (21062): Implemented 11 DSP elements
Info: Quartus Prime Analysis & Synthesis was successful. 0 errors, 37 warnings
    Info: Peak virtual memory: 4847 megabytes
    Info: Processing ended: Tue May 10 01:17:02 2022
    Info: Elapsed time: 00:00:07
    Info: Total CPU time (on all processors): 00:00:13


