Analysis & Synthesis report for Alarm_Clock
Sun Apr 17 15:46:51 2022
Quartus Prime Version 20.1.1 Build 720 11/11/2020 SJ Lite Edition


---------------------
; Table of Contents ;
---------------------
  1. Legal Notice
  2. Analysis & Synthesis Summary
  3. Analysis & Synthesis Settings
  4. Parallel Compilation
  5. Analysis & Synthesis Source Files Read
  6. Analysis & Synthesis Resource Usage Summary
  7. Analysis & Synthesis Resource Utilization by Entity
  8. Registers Removed During Synthesis
  9. General Register Statistics
 10. Inverted Register Statistics
 11. Multiplexer Restructuring Statistics (Restructuring Performed)
 12. Parameter Settings for User Entity Instance: Top-level Entity: |Alarm_Clock
 13. Post-Synthesis Netlist Statistics for Top Partition
 14. Elapsed Time Per Partition
 15. Analysis & Synthesis Messages



----------------
; Legal Notice ;
----------------
Copyright (C) 2020  Intel Corporation. All rights reserved.
Your use of Intel Corporation's design tools, logic functions 
and other software and tools, and any partner logic 
functions, and any output files from any of the foregoing 
(including device programming or simulation files), and any 
associated documentation or information are expressly subject 
to the terms and conditions of the Intel Program License 
Subscription Agreement, the Intel Quartus Prime License Agreement,
the Intel FPGA IP License Agreement, or other applicable license
agreement, including, without limitation, that your use is for
the sole purpose of programming logic devices manufactured by
Intel and sold by Intel or its authorized distributors.  Please
refer to the applicable agreement for further details, at
https://fpgasoftware.intel.com/eula.



+-------------------------------------------------------------------------------+
; Analysis & Synthesis Summary                                                  ;
+---------------------------------+---------------------------------------------+
; Analysis & Synthesis Status     ; Successful - Sun Apr 17 15:46:51 2022       ;
; Quartus Prime Version           ; 20.1.1 Build 720 11/11/2020 SJ Lite Edition ;
; Revision Name                   ; Alarm_Clock                                 ;
; Top-level Entity Name           ; Alarm_Clock                                 ;
; Family                          ; Cyclone V                                   ;
; Logic utilization (in ALMs)     ; N/A                                         ;
; Total registers                 ; 77                                          ;
; Total pins                      ; 54                                          ;
; Total virtual pins              ; 0                                           ;
; Total block memory bits         ; 0                                           ;
; Total DSP Blocks                ; 0                                           ;
; Total HSSI RX PCSs              ; 0                                           ;
; Total HSSI PMA RX Deserializers ; 0                                           ;
; Total HSSI TX PCSs              ; 0                                           ;
; Total HSSI PMA TX Serializers   ; 0                                           ;
; Total PLLs                      ; 0                                           ;
; Total DLLs                      ; 0                                           ;
+---------------------------------+---------------------------------------------+


+---------------------------------------------------------------------------------------------------------------------------+
; Analysis & Synthesis Settings                                                                                             ;
+---------------------------------------------------------------------------------+--------------------+--------------------+
; Option                                                                          ; Setting            ; Default Value      ;
+---------------------------------------------------------------------------------+--------------------+--------------------+
; Device                                                                          ; 5CSXFC6D6F31C6     ;                    ;
; Top-level entity name                                                           ; Alarm_Clock        ; Alarm_Clock        ;
; Family name                                                                     ; Cyclone V          ; Cyclone V          ;
; Use smart compilation                                                           ; Off                ; Off                ;
; Enable parallel Assembler and Timing Analyzer during compilation                ; On                 ; On                 ;
; Enable compact report table                                                     ; Off                ; Off                ;
; Restructure Multiplexers                                                        ; Auto               ; Auto               ;
; MLAB Add Timing Constraints For Mixed-Port Feed-Through Mode Setting Don't Care ; Off                ; Off                ;
; Create Debugging Nodes for IP Cores                                             ; Off                ; Off                ;
; Preserve fewer node names                                                       ; On                 ; On                 ;
; Intel FPGA IP Evaluation Mode                                                   ; Enable             ; Enable             ;
; Verilog Version                                                                 ; Verilog_2001       ; Verilog_2001       ;
; VHDL Version                                                                    ; VHDL_1993          ; VHDL_1993          ;
; State Machine Processing                                                        ; Auto               ; Auto               ;
; Safe State Machine                                                              ; Off                ; Off                ;
; Extract Verilog State Machines                                                  ; On                 ; On                 ;
; Extract VHDL State Machines                                                     ; On                 ; On                 ;
; Ignore Verilog initial constructs                                               ; Off                ; Off                ;
; Iteration limit for constant Verilog loops                                      ; 5000               ; 5000               ;
; Iteration limit for non-constant Verilog loops                                  ; 250                ; 250                ;
; Add Pass-Through Logic to Inferred RAMs                                         ; On                 ; On                 ;
; Infer RAMs from Raw Logic                                                       ; On                 ; On                 ;
; Parallel Synthesis                                                              ; On                 ; On                 ;
; DSP Block Balancing                                                             ; Auto               ; Auto               ;
; NOT Gate Push-Back                                                              ; On                 ; On                 ;
; Power-Up Don't Care                                                             ; On                 ; On                 ;
; Remove Redundant Logic Cells                                                    ; Off                ; Off                ;
; Remove Duplicate Registers                                                      ; On                 ; On                 ;
; Ignore CARRY Buffers                                                            ; Off                ; Off                ;
; Ignore CASCADE Buffers                                                          ; Off                ; Off                ;
; Ignore GLOBAL Buffers                                                           ; Off                ; Off                ;
; Ignore ROW GLOBAL Buffers                                                       ; Off                ; Off                ;
; Ignore LCELL Buffers                                                            ; Off                ; Off                ;
; Ignore SOFT Buffers                                                             ; On                 ; On                 ;
; Limit AHDL Integers to 32 Bits                                                  ; Off                ; Off                ;
; Optimization Technique                                                          ; Balanced           ; Balanced           ;
; Carry Chain Length                                                              ; 70                 ; 70                 ;
; Auto Carry Chains                                                               ; On                 ; On                 ;
; Auto Open-Drain Pins                                                            ; On                 ; On                 ;
; Perform WYSIWYG Primitive Resynthesis                                           ; Off                ; Off                ;
; Auto ROM Replacement                                                            ; On                 ; On                 ;
; Auto RAM Replacement                                                            ; On                 ; On                 ;
; Auto DSP Block Replacement                                                      ; On                 ; On                 ;
; Auto Shift Register Replacement                                                 ; Auto               ; Auto               ;
; Allow Shift Register Merging across Hierarchies                                 ; Auto               ; Auto               ;
; Auto Clock Enable Replacement                                                   ; On                 ; On                 ;
; Strict RAM Replacement                                                          ; Off                ; Off                ;
; Allow Synchronous Control Signals                                               ; On                 ; On                 ;
; Force Use of Synchronous Clear Signals                                          ; Off                ; Off                ;
; Auto Resource Sharing                                                           ; Off                ; Off                ;
; Allow Any RAM Size For Recognition                                              ; Off                ; Off                ;
; Allow Any ROM Size For Recognition                                              ; Off                ; Off                ;
; Allow Any Shift Register Size For Recognition                                   ; Off                ; Off                ;
; Use LogicLock Constraints during Resource Balancing                             ; On                 ; On                 ;
; Ignore translate_off and synthesis_off directives                               ; Off                ; Off                ;
; Timing-Driven Synthesis                                                         ; On                 ; On                 ;
; Report Parameter Settings                                                       ; On                 ; On                 ;
; Report Source Assignments                                                       ; On                 ; On                 ;
; Report Connectivity Checks                                                      ; On                 ; On                 ;
; Ignore Maximum Fan-Out Assignments                                              ; Off                ; Off                ;
; Synchronization Register Chain Length                                           ; 3                  ; 3                  ;
; Power Optimization During Synthesis                                             ; Normal compilation ; Normal compilation ;
; HDL message level                                                               ; Level2             ; Level2             ;
; Suppress Register Optimization Related Messages                                 ; Off                ; Off                ;
; Number of Removed Registers Reported in Synthesis Report                        ; 5000               ; 5000               ;
; Number of Swept Nodes Reported in Synthesis Report                              ; 5000               ; 5000               ;
; Number of Inverted Registers Reported in Synthesis Report                       ; 100                ; 100                ;
; Clock MUX Protection                                                            ; On                 ; On                 ;
; Auto Gated Clock Conversion                                                     ; Off                ; Off                ;
; Block Design Naming                                                             ; Auto               ; Auto               ;
; SDC constraint protection                                                       ; Off                ; Off                ;
; Synthesis Effort                                                                ; Auto               ; Auto               ;
; Shift Register Replacement - Allow Asynchronous Clear Signal                    ; On                 ; On                 ;
; Pre-Mapping Resynthesis Optimization                                            ; Off                ; Off                ;
; Analysis & Synthesis Message Level                                              ; Medium             ; Medium             ;
; Disable Register Merging Across Hierarchies                                     ; Auto               ; Auto               ;
; Resource Aware Inference For Block RAM                                          ; On                 ; On                 ;
; Automatic Parallel Synthesis                                                    ; On                 ; On                 ;
; Partial Reconfiguration Bitstream ID                                            ; Off                ; Off                ;
+---------------------------------------------------------------------------------+--------------------+--------------------+


+------------------------------------------+
; Parallel Compilation                     ;
+----------------------------+-------------+
; Processors                 ; Number      ;
+----------------------------+-------------+
; Number detected on machine ; 6           ;
; Maximum allowed            ; 6           ;
;                            ;             ;
; Average used               ; 1.00        ;
; Maximum used               ; 6           ;
;                            ;             ;
; Usage by Processor         ; % Time Used ;
;     Processor 1            ; 100.0%      ;
;     Processor 2            ;   0.0%      ;
;     Processor 3            ;   0.0%      ;
;     Processor 4            ;   0.0%      ;
;     Processor 5            ;   0.0%      ;
;     Processor 6            ;   0.0%      ;
+----------------------------+-------------+


+-----------------------------------------------------------------------------------------------------------------------------------+
; Analysis & Synthesis Source Files Read                                                                                            ;
+----------------------------------+-----------------+------------------------+-------------------------------------------+---------+
; File Name with User-Entered Path ; Used in Netlist ; File Type              ; File Name with Absolute Path              ; Library ;
+----------------------------------+-----------------+------------------------+-------------------------------------------+---------+
; Alarm_Clock.v                    ; yes             ; User Verilog HDL File  ; C:/FPGA/0328_Hw/Alarm_Clock/Alarm_Clock.v ;         ;
+----------------------------------+-----------------+------------------------+-------------------------------------------+---------+


+--------------------------------------------------------+
; Analysis & Synthesis Resource Usage Summary            ;
+---------------------------------------------+----------+
; Resource                                    ; Usage    ;
+---------------------------------------------+----------+
; Estimate of Logic utilization (ALMs needed) ; 470      ;
;                                             ;          ;
; Combinational ALUT usage for logic          ; 738      ;
;     -- 7 input functions                    ; 9        ;
;     -- 6 input functions                    ; 193      ;
;     -- 5 input functions                    ; 157      ;
;     -- 4 input functions                    ; 242      ;
;     -- <=3 input functions                  ; 137      ;
;                                             ;          ;
; Dedicated logic registers                   ; 77       ;
;                                             ;          ;
; I/O pins                                    ; 54       ;
;                                             ;          ;
; Total DSP Blocks                            ; 0        ;
;                                             ;          ;
; Maximum fan-out node                        ; Up~input ;
; Maximum fan-out                             ; 68       ;
; Total fan-out                               ; 3625     ;
; Average fan-out                             ; 3.93     ;
+---------------------------------------------+----------+


+----------------------------------------------------------------------------------------------------------------------------------------------------------------------------------------+
; Analysis & Synthesis Resource Utilization by Entity                                                                                                                                    ;
+----------------------------+---------------------+---------------------------+-------------------+------------+------+--------------+---------------------+-------------+--------------+
; Compilation Hierarchy Node ; Combinational ALUTs ; Dedicated Logic Registers ; Block Memory Bits ; DSP Blocks ; Pins ; Virtual Pins ; Full Hierarchy Name ; Entity Name ; Library Name ;
+----------------------------+---------------------+---------------------------+-------------------+------------+------+--------------+---------------------+-------------+--------------+
; |Alarm_Clock               ; 738 (738)           ; 77 (77)                   ; 0                 ; 0          ; 54   ; 0            ; |Alarm_Clock        ; Alarm_Clock ; work         ;
+----------------------------+---------------------+---------------------------+-------------------+------------+------+--------------+---------------------+-------------+--------------+
Note: For table entries with two numbers listed, the numbers in parentheses indicate the number of resources of the given type used by the specific entity alone. The numbers listed outside of parentheses indicate the total resources of the given type used by the specific entity and all of its sub-entities in the hierarchy.


+--------------------------------------------------------------------------------+
; Registers Removed During Synthesis                                             ;
+---------------------------------------+----------------------------------------+
; Register name                         ; Reason for Removal                     ;
+---------------------------------------+----------------------------------------+
; Accel_count[2]                        ; Stuck at GND due to stuck port data_in ;
; Total Number of Removed Registers = 1 ;                                        ;
+---------------------------------------+----------------------------------------+


+------------------------------------------------------+
; General Register Statistics                          ;
+----------------------------------------------+-------+
; Statistic                                    ; Value ;
+----------------------------------------------+-------+
; Total registers                              ; 77    ;
; Number of registers using Synchronous Clear  ; 28    ;
; Number of registers using Synchronous Load   ; 0     ;
; Number of registers using Asynchronous Clear ; 0     ;
; Number of registers using Asynchronous Load  ; 0     ;
; Number of registers using Clock Enable       ; 25    ;
; Number of registers using Preset             ; 0     ;
+----------------------------------------------+-------+


+--------------------------------------------------+
; Inverted Register Statistics                     ;
+----------------------------------------+---------+
; Inverted Register                      ; Fan out ;
+----------------------------------------+---------+
; Seg6[6]~reg0                           ; 15      ;
; Seg5[6]~reg0                           ; 13      ;
; Seg4[6]~reg0                           ; 12      ;
; Seg3[6]~reg0                           ; 10      ;
; Seg2[6]~reg0                           ; 9       ;
; Seg1[6]~reg0                           ; 9       ;
; Total number of inverted registers = 6 ;         ;
+----------------------------------------+---------+


+------------------------------------------------------------------------------------------------------------------------------------------+
; Multiplexer Restructuring Statistics (Restructuring Performed)                                                                           ;
+--------------------+-----------+---------------+----------------------+------------------------+------------+----------------------------+
; Multiplexer Inputs ; Bus Width ; Baseline Area ; Area if Restructured ; Saving if Restructured ; Registered ; Example Multiplexer Output ;
+--------------------+-----------+---------------+----------------------+------------------------+------------+----------------------------+
; 6:1                ; 3 bits    ; 12 LEs        ; 6 LEs                ; 6 LEs                  ; Yes        ; |Alarm_Clock|ALed[2]~reg0  ;
; 6:1                ; 28 bits   ; 112 LEs       ; 0 LEs                ; 112 LEs                ; Yes        ; |Alarm_Clock|CLK_count[4]  ;
; 21:1               ; 6 bits    ; 84 LEs        ; 24 LEs               ; 60 LEs                 ; Yes        ; |Alarm_Clock|Seg6[0]~reg0  ;
; 74:1               ; 6 bits    ; 294 LEs       ; 42 LEs               ; 252 LEs                ; Yes        ; |Alarm_Clock|Seg5[2]~reg0  ;
; 104:1              ; 6 bits    ; 414 LEs       ; 78 LEs               ; 336 LEs                ; Yes        ; |Alarm_Clock|Seg4[5]~reg0  ;
; 117:1              ; 6 bits    ; 468 LEs       ; 114 LEs              ; 354 LEs                ; Yes        ; |Alarm_Clock|Seg2[5]~reg0  ;
; 145:1              ; 6 bits    ; 576 LEs       ; 144 LEs              ; 432 LEs                ; Yes        ; |Alarm_Clock|Seg1[3]~reg0  ;
; 147:1              ; 6 bits    ; 588 LEs       ; 126 LEs              ; 462 LEs                ; Yes        ; |Alarm_Clock|Seg3[5]~reg0  ;
; 6:1                ; 2 bits    ; 8 LEs         ; 4 LEs                ; 4 LEs                  ; No         ; |Alarm_Clock|Selector51    ;
; 5:1                ; 7 bits    ; 21 LEs        ; 14 LEs               ; 7 LEs                  ; No         ; |Alarm_Clock|Selector65    ;
; 7:1                ; 2 bits    ; 8 LEs         ; 4 LEs                ; 4 LEs                  ; No         ; |Alarm_Clock|Seg5          ;
; 5:1                ; 5 bits    ; 15 LEs        ; 10 LEs               ; 5 LEs                  ; No         ; |Alarm_Clock|Selector5     ;
; 17:1               ; 7 bits    ; 77 LEs        ; 14 LEs               ; 63 LEs                 ; No         ; |Alarm_Clock|Seg6          ;
; 7:1                ; 7 bits    ; 28 LEs        ; 14 LEs               ; 14 LEs                 ; No         ; |Alarm_Clock|Selector57    ;
; 6:1                ; 7 bits    ; 28 LEs        ; 14 LEs               ; 14 LEs                 ; No         ; |Alarm_Clock|Seg1          ;
; 8:1                ; 7 bits    ; 35 LEs        ; 14 LEs               ; 21 LEs                 ; No         ; |Alarm_Clock|Seg2          ;
; 129:1              ; 7 bits    ; 602 LEs       ; 14 LEs               ; 588 LEs                ; No         ; |Alarm_Clock|Seg6          ;
+--------------------+-----------+---------------+----------------------+------------------------+------------+----------------------------+


+-----------------------------------------------------------------------------+
; Parameter Settings for User Entity Instance: Top-level Entity: |Alarm_Clock ;
+----------------+---------+--------------------------------------------------+
; Parameter Name ; Value   ; Type                                             ;
+----------------+---------+--------------------------------------------------+
; A              ; 1000000 ; Unsigned Binary                                  ;
; B              ; 1111001 ; Unsigned Binary                                  ;
; C              ; 0100100 ; Unsigned Binary                                  ;
; D              ; 0110000 ; Unsigned Binary                                  ;
; E              ; 0011001 ; Unsigned Binary                                  ;
; F              ; 0010010 ; Unsigned Binary                                  ;
; G              ; 0000010 ; Unsigned Binary                                  ;
; H              ; 1111000 ; Unsigned Binary                                  ;
; I              ; 0000000 ; Unsigned Binary                                  ;
; J              ; 0010000 ; Unsigned Binary                                  ;
; X              ; 1111111 ; Unsigned Binary                                  ;
+----------------+---------+--------------------------------------------------+
Note: In order to hide this table in the UI and the text report file, please set the "Show Parameter Settings in Synthesis Report" option in "Analysis and Synthesis Settings -> More Settings" to "Off".


+-----------------------------------------------------+
; Post-Synthesis Netlist Statistics for Top Partition ;
+-----------------------+-----------------------------+
; Type                  ; Count                       ;
+-----------------------+-----------------------------+
; arriav_ff             ; 77                          ;
;     ENA               ; 25                          ;
;     SCLR              ; 28                          ;
;     plain             ; 24                          ;
; arriav_lcell_comb     ; 744                         ;
;     arith             ; 28                          ;
;         1 data inputs ; 28                          ;
;     extend            ; 9                           ;
;         7 data inputs ; 9                           ;
;     normal            ; 707                         ;
;         1 data inputs ; 11                          ;
;         2 data inputs ; 28                          ;
;         3 data inputs ; 76                          ;
;         4 data inputs ; 242                         ;
;         5 data inputs ; 157                         ;
;         6 data inputs ; 193                         ;
; boundary_port         ; 54                          ;
;                       ;                             ;
; Max LUT depth         ; 13.00                       ;
; Average LUT depth     ; 9.60                        ;
+-----------------------+-----------------------------+


+-------------------------------+
; Elapsed Time Per Partition    ;
+----------------+--------------+
; Partition Name ; Elapsed Time ;
+----------------+--------------+
; Top            ; 00:00:04     ;
+----------------+--------------+


+-------------------------------+
; Analysis & Synthesis Messages ;
+-------------------------------+
Info: *******************************************************************
Info: Running Quartus Prime Analysis & Synthesis
    Info: Version 20.1.1 Build 720 11/11/2020 SJ Lite Edition
    Info: Processing started: Sun Apr 17 15:46:39 2022
Info: Command: quartus_map --read_settings_files=on --write_settings_files=off Alarm_Clock -c Alarm_Clock
Warning (18236): Number of processors has not been specified which may cause overloading on shared machines.  Set the global assignment NUM_PARALLEL_PROCESSORS in your QSF to an appropriate value for best performance.
Info (20030): Parallel compilation is enabled and will use 6 of the 6 processors detected
Info (12021): Found 1 design units, including 1 entities, in source file alarm_clock.v
    Info (12023): Found entity 1: Alarm_Clock File: C:/FPGA/0328_Hw/Alarm_Clock/Alarm_Clock.v Line: 6
Info (12021): Found 1 design units, including 1 entities, in source file alarm_clock_tb.v
    Info (12023): Found entity 1: Alarm_Clock_tb File: C:/FPGA/0328_Hw/Alarm_Clock/Alarm_Clock_tb.v Line: 2
Info (12127): Elaborating entity "Alarm_Clock" for the top level hierarchy
Warning (10036): Verilog HDL or VHDL warning at Alarm_Clock.v(24): object "count_up" assigned a value but never read File: C:/FPGA/0328_Hw/Alarm_Clock/Alarm_Clock.v Line: 24
Warning (10230): Verilog HDL assignment warning at Alarm_Clock.v(24): truncated value with size 4 to match size of target (1) File: C:/FPGA/0328_Hw/Alarm_Clock/Alarm_Clock.v Line: 24
Warning (10230): Verilog HDL assignment warning at Alarm_Clock.v(110): truncated value with size 32 to match size of target (28) File: C:/FPGA/0328_Hw/Alarm_Clock/Alarm_Clock.v Line: 110
Warning (10230): Verilog HDL assignment warning at Alarm_Clock.v(119): truncated value with size 32 to match size of target (28) File: C:/FPGA/0328_Hw/Alarm_Clock/Alarm_Clock.v Line: 119
Warning (10230): Verilog HDL assignment warning at Alarm_Clock.v(128): truncated value with size 32 to match size of target (28) File: C:/FPGA/0328_Hw/Alarm_Clock/Alarm_Clock.v Line: 128
Warning (10776): Verilog HDL warning at Alarm_Clock.v(45): variable Decoder in static task or function Decoder may have unintended latch behavior File: C:/FPGA/0328_Hw/Alarm_Clock/Alarm_Clock.v Line: 45
Warning (10241): Verilog HDL Function Declaration warning at Alarm_Clock.v(45): function "Decoder" may return a Don't Care value because its output register may not be assigned a value in every possible path through the function File: C:/FPGA/0328_Hw/Alarm_Clock/Alarm_Clock.v Line: 45
Warning (10776): Verilog HDL warning at Alarm_Clock.v(66): variable Encoder in static task or function Encoder may have unintended latch behavior File: C:/FPGA/0328_Hw/Alarm_Clock/Alarm_Clock.v Line: 66
Warning (10241): Verilog HDL Function Declaration warning at Alarm_Clock.v(66): function "Encoder" may return a Don't Care value because its output register may not be assigned a value in every possible path through the function File: C:/FPGA/0328_Hw/Alarm_Clock/Alarm_Clock.v Line: 66
Warning (10230): Verilog HDL assignment warning at Alarm_Clock.v(165): truncated value with size 32 to match size of target (4) File: C:/FPGA/0328_Hw/Alarm_Clock/Alarm_Clock.v Line: 165
Warning (10230): Verilog HDL assignment warning at Alarm_Clock.v(175): truncated value with size 32 to match size of target (4) File: C:/FPGA/0328_Hw/Alarm_Clock/Alarm_Clock.v Line: 175
Warning (10230): Verilog HDL assignment warning at Alarm_Clock.v(233): truncated value with size 32 to match size of target (4) File: C:/FPGA/0328_Hw/Alarm_Clock/Alarm_Clock.v Line: 233
Warning (10230): Verilog HDL assignment warning at Alarm_Clock.v(243): truncated value with size 32 to match size of target (4) File: C:/FPGA/0328_Hw/Alarm_Clock/Alarm_Clock.v Line: 243
Warning (10230): Verilog HDL assignment warning at Alarm_Clock.v(257): truncated value with size 32 to match size of target (4) File: C:/FPGA/0328_Hw/Alarm_Clock/Alarm_Clock.v Line: 257
Warning (10230): Verilog HDL assignment warning at Alarm_Clock.v(273): truncated value with size 32 to match size of target (4) File: C:/FPGA/0328_Hw/Alarm_Clock/Alarm_Clock.v Line: 273
Warning (10230): Verilog HDL assignment warning at Alarm_Clock.v(363): truncated value with size 32 to match size of target (4) File: C:/FPGA/0328_Hw/Alarm_Clock/Alarm_Clock.v Line: 363
Warning (10230): Verilog HDL assignment warning at Alarm_Clock.v(373): truncated value with size 32 to match size of target (4) File: C:/FPGA/0328_Hw/Alarm_Clock/Alarm_Clock.v Line: 373
Warning (10230): Verilog HDL assignment warning at Alarm_Clock.v(387): truncated value with size 32 to match size of target (4) File: C:/FPGA/0328_Hw/Alarm_Clock/Alarm_Clock.v Line: 387
Warning (10230): Verilog HDL assignment warning at Alarm_Clock.v(403): truncated value with size 32 to match size of target (4) File: C:/FPGA/0328_Hw/Alarm_Clock/Alarm_Clock.v Line: 403
Warning (10230): Verilog HDL assignment warning at Alarm_Clock.v(423): truncated value with size 32 to match size of target (4) File: C:/FPGA/0328_Hw/Alarm_Clock/Alarm_Clock.v Line: 423
Warning (10230): Verilog HDL assignment warning at Alarm_Clock.v(445): truncated value with size 32 to match size of target (4) File: C:/FPGA/0328_Hw/Alarm_Clock/Alarm_Clock.v Line: 445
Warning (10230): Verilog HDL assignment warning at Alarm_Clock.v(492): truncated value with size 32 to match size of target (4) File: C:/FPGA/0328_Hw/Alarm_Clock/Alarm_Clock.v Line: 492
Warning (10230): Verilog HDL assignment warning at Alarm_Clock.v(502): truncated value with size 32 to match size of target (4) File: C:/FPGA/0328_Hw/Alarm_Clock/Alarm_Clock.v Line: 502
Warning (10230): Verilog HDL assignment warning at Alarm_Clock.v(516): truncated value with size 32 to match size of target (4) File: C:/FPGA/0328_Hw/Alarm_Clock/Alarm_Clock.v Line: 516
Warning (10230): Verilog HDL assignment warning at Alarm_Clock.v(532): truncated value with size 32 to match size of target (4) File: C:/FPGA/0328_Hw/Alarm_Clock/Alarm_Clock.v Line: 532
Warning (10230): Verilog HDL assignment warning at Alarm_Clock.v(552): truncated value with size 32 to match size of target (4) File: C:/FPGA/0328_Hw/Alarm_Clock/Alarm_Clock.v Line: 552
Warning (10230): Verilog HDL assignment warning at Alarm_Clock.v(574): truncated value with size 32 to match size of target (4) File: C:/FPGA/0328_Hw/Alarm_Clock/Alarm_Clock.v Line: 574
Warning (10030): Net "Decoder" at Alarm_Clock.v(45) has no driver or initial value, using a default initial value '0' File: C:/FPGA/0328_Hw/Alarm_Clock/Alarm_Clock.v Line: 45
Warning (10030): Net "Encoder" at Alarm_Clock.v(66) has no driver or initial value, using a default initial value '0' File: C:/FPGA/0328_Hw/Alarm_Clock/Alarm_Clock.v Line: 66
Info (286030): Timing-Driven Synthesis is running
Info (16010): Generating hard_block partition "hard_block:auto_generated_inst"
    Info (16011): Adding 0 node(s), including 0 DDIO, 0 PLL, 0 transceiver and 0 LCELL
Info (21057): Implemented 792 device resources after synthesis - the final resource count might be different
    Info (21058): Implemented 8 input pins
    Info (21059): Implemented 46 output pins
    Info (21061): Implemented 738 logic cells
Info: Quartus Prime Analysis & Synthesis was successful. 0 errors, 30 warnings
    Info: Peak virtual memory: 4850 megabytes
    Info: Processing ended: Sun Apr 17 15:46:51 2022
    Info: Elapsed time: 00:00:12
    Info: Total CPU time (on all processors): 00:00:17


