Analysis & Synthesis report for Traffic_Light
Thu Apr 07 02:00:40 2022
Quartus Prime Version 20.1.1 Build 720 11/11/2020 SJ Lite Edition


---------------------
; Table of Contents ;
---------------------
  1. Legal Notice
  2. Analysis & Synthesis Summary
  3. Analysis & Synthesis Settings
  4. Parallel Compilation
  5. Analysis & Synthesis Source Files Read
  6. Analysis & Synthesis Resource Usage Summary
  7. Analysis & Synthesis Resource Utilization by Entity
  8. Registers Removed During Synthesis
  9. General Register Statistics
 10. Multiplexer Restructuring Statistics (Restructuring Performed)
 11. Post-Synthesis Netlist Statistics for Top Partition
 12. Elapsed Time Per Partition
 13. Analysis & Synthesis Messages



----------------
; Legal Notice ;
----------------
Copyright (C) 2020  Intel Corporation. All rights reserved.
Your use of Intel Corporation's design tools, logic functions 
and other software and tools, and any partner logic 
functions, and any output files from any of the foregoing 
(including device programming or simulation files), and any 
associated documentation or information are expressly subject 
to the terms and conditions of the Intel Program License 
Subscription Agreement, the Intel Quartus Prime License Agreement,
the Intel FPGA IP License Agreement, or other applicable license
agreement, including, without limitation, that your use is for
the sole purpose of programming logic devices manufactured by
Intel and sold by Intel or its authorized distributors.  Please
refer to the applicable agreement for further details, at
https://fpgasoftware.intel.com/eula.



+-------------------------------------------------------------------------------+
; Analysis & Synthesis Summary                                                  ;
+---------------------------------+---------------------------------------------+
; Analysis & Synthesis Status     ; Successful - Thu Apr 07 02:00:40 2022       ;
; Quartus Prime Version           ; 20.1.1 Build 720 11/11/2020 SJ Lite Edition ;
; Revision Name                   ; Traffic_Light                               ;
; Top-level Entity Name           ; Traffic_Light                               ;
; Family                          ; Cyclone V                                   ;
; Logic utilization (in ALMs)     ; N/A                                         ;
; Total registers                 ; 36                                          ;
; Total pins                      ; 11                                          ;
; Total virtual pins              ; 0                                           ;
; Total block memory bits         ; 0                                           ;
; Total DSP Blocks                ; 0                                           ;
; Total HSSI RX PCSs              ; 0                                           ;
; Total HSSI PMA RX Deserializers ; 0                                           ;
; Total HSSI TX PCSs              ; 0                                           ;
; Total HSSI PMA TX Serializers   ; 0                                           ;
; Total PLLs                      ; 0                                           ;
; Total DLLs                      ; 0                                           ;
+---------------------------------+---------------------------------------------+


+---------------------------------------------------------------------------------------------------------------------------+
; Analysis & Synthesis Settings                                                                                             ;
+---------------------------------------------------------------------------------+--------------------+--------------------+
; Option                                                                          ; Setting            ; Default Value      ;
+---------------------------------------------------------------------------------+--------------------+--------------------+
; Device                                                                          ; 5CSXFC6D6F31C6     ;                    ;
; Top-level entity name                                                           ; Traffic_Light      ; Traffic_Light      ;
; Family name                                                                     ; Cyclone V          ; Cyclone V          ;
; Use smart compilation                                                           ; Off                ; Off                ;
; Enable parallel Assembler and Timing Analyzer during compilation                ; On                 ; On                 ;
; Enable compact report table                                                     ; Off                ; Off                ;
; Restructure Multiplexers                                                        ; Auto               ; Auto               ;
; MLAB Add Timing Constraints For Mixed-Port Feed-Through Mode Setting Don't Care ; Off                ; Off                ;
; Create Debugging Nodes for IP Cores                                             ; Off                ; Off                ;
; Preserve fewer node names                                                       ; On                 ; On                 ;
; Intel FPGA IP Evaluation Mode                                                   ; Enable             ; Enable             ;
; Verilog Version                                                                 ; Verilog_2001       ; Verilog_2001       ;
; VHDL Version                                                                    ; VHDL_1993          ; VHDL_1993          ;
; State Machine Processing                                                        ; Auto               ; Auto               ;
; Safe State Machine                                                              ; Off                ; Off                ;
; Extract Verilog State Machines                                                  ; On                 ; On                 ;
; Extract VHDL State Machines                                                     ; On                 ; On                 ;
; Ignore Verilog initial constructs                                               ; Off                ; Off                ;
; Iteration limit for constant Verilog loops                                      ; 5000               ; 5000               ;
; Iteration limit for non-constant Verilog loops                                  ; 250                ; 250                ;
; Add Pass-Through Logic to Inferred RAMs                                         ; On                 ; On                 ;
; Infer RAMs from Raw Logic                                                       ; On                 ; On                 ;
; Parallel Synthesis                                                              ; On                 ; On                 ;
; DSP Block Balancing                                                             ; Auto               ; Auto               ;
; NOT Gate Push-Back                                                              ; On                 ; On                 ;
; Power-Up Don't Care                                                             ; On                 ; On                 ;
; Remove Redundant Logic Cells                                                    ; Off                ; Off                ;
; Remove Duplicate Registers                                                      ; On                 ; On                 ;
; Ignore CARRY Buffers                                                            ; Off                ; Off                ;
; Ignore CASCADE Buffers                                                          ; Off                ; Off                ;
; Ignore GLOBAL Buffers                                                           ; Off                ; Off                ;
; Ignore ROW GLOBAL Buffers                                                       ; Off                ; Off                ;
; Ignore LCELL Buffers                                                            ; Off                ; Off                ;
; Ignore SOFT Buffers                                                             ; On                 ; On                 ;
; Limit AHDL Integers to 32 Bits                                                  ; Off                ; Off                ;
; Optimization Technique                                                          ; Balanced           ; Balanced           ;
; Carry Chain Length                                                              ; 70                 ; 70                 ;
; Auto Carry Chains                                                               ; On                 ; On                 ;
; Auto Open-Drain Pins                                                            ; On                 ; On                 ;
; Perform WYSIWYG Primitive Resynthesis                                           ; Off                ; Off                ;
; Auto ROM Replacement                                                            ; On                 ; On                 ;
; Auto RAM Replacement                                                            ; On                 ; On                 ;
; Auto DSP Block Replacement                                                      ; On                 ; On                 ;
; Auto Shift Register Replacement                                                 ; Auto               ; Auto               ;
; Allow Shift Register Merging across Hierarchies                                 ; Auto               ; Auto               ;
; Auto Clock Enable Replacement                                                   ; On                 ; On                 ;
; Strict RAM Replacement                                                          ; Off                ; Off                ;
; Allow Synchronous Control Signals                                               ; On                 ; On                 ;
; Force Use of Synchronous Clear Signals                                          ; Off                ; Off                ;
; Auto Resource Sharing                                                           ; Off                ; Off                ;
; Allow Any RAM Size For Recognition                                              ; Off                ; Off                ;
; Allow Any ROM Size For Recognition                                              ; Off                ; Off                ;
; Allow Any Shift Register Size For Recognition                                   ; Off                ; Off                ;
; Use LogicLock Constraints during Resource Balancing                             ; On                 ; On                 ;
; Ignore translate_off and synthesis_off directives                               ; Off                ; Off                ;
; Timing-Driven Synthesis                                                         ; On                 ; On                 ;
; Report Parameter Settings                                                       ; On                 ; On                 ;
; Report Source Assignments                                                       ; On                 ; On                 ;
; Report Connectivity Checks                                                      ; On                 ; On                 ;
; Ignore Maximum Fan-Out Assignments                                              ; Off                ; Off                ;
; Synchronization Register Chain Length                                           ; 3                  ; 3                  ;
; Power Optimization During Synthesis                                             ; Normal compilation ; Normal compilation ;
; HDL message level                                                               ; Level2             ; Level2             ;
; Suppress Register Optimization Related Messages                                 ; Off                ; Off                ;
; Number of Removed Registers Reported in Synthesis Report                        ; 5000               ; 5000               ;
; Number of Swept Nodes Reported in Synthesis Report                              ; 5000               ; 5000               ;
; Number of Inverted Registers Reported in Synthesis Report                       ; 100                ; 100                ;
; Clock MUX Protection                                                            ; On                 ; On                 ;
; Auto Gated Clock Conversion                                                     ; Off                ; Off                ;
; Block Design Naming                                                             ; Auto               ; Auto               ;
; SDC constraint protection                                                       ; Off                ; Off                ;
; Synthesis Effort                                                                ; Auto               ; Auto               ;
; Shift Register Replacement - Allow Asynchronous Clear Signal                    ; On                 ; On                 ;
; Pre-Mapping Resynthesis Optimization                                            ; Off                ; Off                ;
; Analysis & Synthesis Message Level                                              ; Medium             ; Medium             ;
; Disable Register Merging Across Hierarchies                                     ; Auto               ; Auto               ;
; Resource Aware Inference For Block RAM                                          ; On                 ; On                 ;
; Automatic Parallel Synthesis                                                    ; On                 ; On                 ;
; Partial Reconfiguration Bitstream ID                                            ; Off                ; Off                ;
+---------------------------------------------------------------------------------+--------------------+--------------------+


+------------------------------------------+
; Parallel Compilation                     ;
+----------------------------+-------------+
; Processors                 ; Number      ;
+----------------------------+-------------+
; Number detected on machine ; 6           ;
; Maximum allowed            ; 6           ;
;                            ;             ;
; Average used               ; 1.00        ;
; Maximum used               ; 6           ;
;                            ;             ;
; Usage by Processor         ; % Time Used ;
;     Processor 1            ; 100.0%      ;
;     Processors 2-6         ;   0.0%      ;
+----------------------------+-------------+


+---------------------------------------------------------------------------------------------------------------------------------------+
; Analysis & Synthesis Source Files Read                                                                                                ;
+----------------------------------+-----------------+------------------------+-----------------------------------------------+---------+
; File Name with User-Entered Path ; Used in Netlist ; File Type              ; File Name with Absolute Path                  ; Library ;
+----------------------------------+-----------------+------------------------+-----------------------------------------------+---------+
; Traffic_Light.v                  ; yes             ; User Verilog HDL File  ; C:/FPGA/0321_Hw/Traffic_Light/Traffic_Light.v ;         ;
+----------------------------------+-----------------+------------------------+-----------------------------------------------+---------+


+-----------------------------------------------------------+
; Analysis & Synthesis Resource Usage Summary               ;
+---------------------------------------------+-------------+
; Resource                                    ; Usage       ;
+---------------------------------------------+-------------+
; Estimate of Logic utilization (ALMs needed) ; 34          ;
;                                             ;             ;
; Combinational ALUT usage for logic          ; 57          ;
;     -- 7 input functions                    ; 0           ;
;     -- 6 input functions                    ; 11          ;
;     -- 5 input functions                    ; 11          ;
;     -- 4 input functions                    ; 5           ;
;     -- <=3 input functions                  ; 30          ;
;                                             ;             ;
; Dedicated logic registers                   ; 36          ;
;                                             ;             ;
; I/O pins                                    ; 11          ;
;                                             ;             ;
; Total DSP Blocks                            ; 0           ;
;                                             ;             ;
; Maximum fan-out node                        ; Res_n~input ;
; Maximum fan-out                             ; 33          ;
; Total fan-out                               ; 354         ;
; Average fan-out                             ; 3.08        ;
+---------------------------------------------+-------------+


+------------------------------------------------------------------------------------------------------------------------------------------------------------------------------------------+
; Analysis & Synthesis Resource Utilization by Entity                                                                                                                                      ;
+----------------------------+---------------------+---------------------------+-------------------+------------+------+--------------+---------------------+---------------+--------------+
; Compilation Hierarchy Node ; Combinational ALUTs ; Dedicated Logic Registers ; Block Memory Bits ; DSP Blocks ; Pins ; Virtual Pins ; Full Hierarchy Name ; Entity Name   ; Library Name ;
+----------------------------+---------------------+---------------------------+-------------------+------------+------+--------------+---------------------+---------------+--------------+
; |Traffic_Light             ; 57 (57)             ; 36 (36)                   ; 0                 ; 0          ; 11   ; 0            ; |Traffic_Light      ; Traffic_Light ; work         ;
+----------------------------+---------------------+---------------------------+-------------------+------------+------+--------------+---------------------+---------------+--------------+
Note: For table entries with two numbers listed, the numbers in parentheses indicate the number of resources of the given type used by the specific entity alone. The numbers listed outside of parentheses indicate the total resources of the given type used by the specific entity and all of its sub-entities in the hierarchy.


+-----------------------------------------------------------------+
; Registers Removed During Synthesis                              ;
+---------------------------------------+-------------------------+
; Register name                         ; Reason for Removal      ;
+---------------------------------------+-------------------------+
; LED[1]~reg0                           ; Merged with LED[0]~reg0 ;
; Total Number of Removed Registers = 1 ;                         ;
+---------------------------------------+-------------------------+


+------------------------------------------------------+
; General Register Statistics                          ;
+----------------------------------------------+-------+
; Statistic                                    ; Value ;
+----------------------------------------------+-------+
; Total registers                              ; 36    ;
; Number of registers using Synchronous Clear  ; 25    ;
; Number of registers using Synchronous Load   ; 0     ;
; Number of registers using Asynchronous Clear ; 32    ;
; Number of registers using Asynchronous Load  ; 0     ;
; Number of registers using Clock Enable       ; 7     ;
; Number of registers using Preset             ; 0     ;
+----------------------------------------------+-------+


+------------------------------------------------------------------------------------------------------------------------------------------+
; Multiplexer Restructuring Statistics (Restructuring Performed)                                                                           ;
+--------------------+-----------+---------------+----------------------+------------------------+------------+----------------------------+
; Multiplexer Inputs ; Bus Width ; Baseline Area ; Area if Restructured ; Saving if Restructured ; Registered ; Example Multiplexer Output ;
+--------------------+-----------+---------------+----------------------+------------------------+------------+----------------------------+
; 37:1               ; 5 bits    ; 120 LEs       ; 30 LEs               ; 90 LEs                 ; Yes        ; |Traffic_Light|count[0]    ;
+--------------------+-----------+---------------+----------------------+------------------------+------------+----------------------------+


+-----------------------------------------------------+
; Post-Synthesis Netlist Statistics for Top Partition ;
+-----------------------+-----------------------------+
; Type                  ; Count                       ;
+-----------------------+-----------------------------+
; arriav_ff             ; 36                          ;
;     CLR               ; 4                           ;
;     CLR SCLR          ; 25                          ;
;     ENA               ; 4                           ;
;     ENA CLR           ; 3                           ;
; arriav_lcell_comb     ; 57                          ;
;     arith             ; 25                          ;
;         1 data inputs ; 25                          ;
;     normal            ; 32                          ;
;         1 data inputs ; 1                           ;
;         2 data inputs ; 2                           ;
;         3 data inputs ; 2                           ;
;         4 data inputs ; 5                           ;
;         5 data inputs ; 11                          ;
;         6 data inputs ; 11                          ;
; boundary_port         ; 11                          ;
;                       ;                             ;
; Max LUT depth         ; 3.40                        ;
; Average LUT depth     ; 2.46                        ;
+-----------------------+-----------------------------+


+-------------------------------+
; Elapsed Time Per Partition    ;
+----------------+--------------+
; Partition Name ; Elapsed Time ;
+----------------+--------------+
; Top            ; 00:00:00     ;
+----------------+--------------+


+-------------------------------+
; Analysis & Synthesis Messages ;
+-------------------------------+
Info: *******************************************************************
Info: Running Quartus Prime Analysis & Synthesis
    Info: Version 20.1.1 Build 720 11/11/2020 SJ Lite Edition
    Info: Processing started: Thu Apr 07 02:00:33 2022
Info: Command: quartus_map --read_settings_files=on --write_settings_files=off Traffic_Light -c Traffic_Light
Warning (18236): Number of processors has not been specified which may cause overloading on shared machines.  Set the global assignment NUM_PARALLEL_PROCESSORS in your QSF to an appropriate value for best performance.
Info (20030): Parallel compilation is enabled and will use 6 of the 6 processors detected
Info (12021): Found 1 design units, including 1 entities, in source file traffic_light.v
    Info (12023): Found entity 1: Traffic_Light File: C:/FPGA/0321_Hw/Traffic_Light/Traffic_Light.v Line: 6
Info (12021): Found 1 design units, including 1 entities, in source file traffic_light_tb.v
    Info (12023): Found entity 1: Traffic_Light_tb File: C:/FPGA/0321_Hw/Traffic_Light/Traffic_Light_tb.v Line: 2
Info (12127): Elaborating entity "Traffic_Light" for the top level hierarchy
Warning (10230): Verilog HDL assignment warning at Traffic_Light.v(48): truncated value with size 32 to match size of target (5) File: C:/FPGA/0321_Hw/Traffic_Light/Traffic_Light.v Line: 48
Warning (10230): Verilog HDL assignment warning at Traffic_Light.v(52): truncated value with size 32 to match size of target (5) File: C:/FPGA/0321_Hw/Traffic_Light/Traffic_Light.v Line: 52
Warning (10230): Verilog HDL assignment warning at Traffic_Light.v(56): truncated value with size 32 to match size of target (5) File: C:/FPGA/0321_Hw/Traffic_Light/Traffic_Light.v Line: 56
Warning (10230): Verilog HDL assignment warning at Traffic_Light.v(60): truncated value with size 32 to match size of target (5) File: C:/FPGA/0321_Hw/Traffic_Light/Traffic_Light.v Line: 60
Warning (10230): Verilog HDL assignment warning at Traffic_Light.v(64): truncated value with size 32 to match size of target (5) File: C:/FPGA/0321_Hw/Traffic_Light/Traffic_Light.v Line: 64
Warning (10230): Verilog HDL assignment warning at Traffic_Light.v(68): truncated value with size 32 to match size of target (5) File: C:/FPGA/0321_Hw/Traffic_Light/Traffic_Light.v Line: 68
Warning (10230): Verilog HDL assignment warning at Traffic_Light.v(72): truncated value with size 32 to match size of target (5) File: C:/FPGA/0321_Hw/Traffic_Light/Traffic_Light.v Line: 72
Warning (10230): Verilog HDL assignment warning at Traffic_Light.v(79): truncated value with size 32 to match size of target (5) File: C:/FPGA/0321_Hw/Traffic_Light/Traffic_Light.v Line: 79
Warning (10230): Verilog HDL assignment warning at Traffic_Light.v(87): truncated value with size 32 to match size of target (5) File: C:/FPGA/0321_Hw/Traffic_Light/Traffic_Light.v Line: 87
Warning (10230): Verilog HDL assignment warning at Traffic_Light.v(91): truncated value with size 32 to match size of target (5) File: C:/FPGA/0321_Hw/Traffic_Light/Traffic_Light.v Line: 91
Warning (10230): Verilog HDL assignment warning at Traffic_Light.v(95): truncated value with size 32 to match size of target (5) File: C:/FPGA/0321_Hw/Traffic_Light/Traffic_Light.v Line: 95
Warning (10230): Verilog HDL assignment warning at Traffic_Light.v(99): truncated value with size 32 to match size of target (5) File: C:/FPGA/0321_Hw/Traffic_Light/Traffic_Light.v Line: 99
Warning (10230): Verilog HDL assignment warning at Traffic_Light.v(103): truncated value with size 32 to match size of target (5) File: C:/FPGA/0321_Hw/Traffic_Light/Traffic_Light.v Line: 103
Warning (10230): Verilog HDL assignment warning at Traffic_Light.v(107): truncated value with size 32 to match size of target (5) File: C:/FPGA/0321_Hw/Traffic_Light/Traffic_Light.v Line: 107
Warning (10230): Verilog HDL assignment warning at Traffic_Light.v(111): truncated value with size 32 to match size of target (5) File: C:/FPGA/0321_Hw/Traffic_Light/Traffic_Light.v Line: 111
Warning (10230): Verilog HDL assignment warning at Traffic_Light.v(118): truncated value with size 32 to match size of target (5) File: C:/FPGA/0321_Hw/Traffic_Light/Traffic_Light.v Line: 118
Warning (10230): Verilog HDL assignment warning at Traffic_Light.v(126): truncated value with size 32 to match size of target (5) File: C:/FPGA/0321_Hw/Traffic_Light/Traffic_Light.v Line: 126
Warning (10230): Verilog HDL assignment warning at Traffic_Light.v(130): truncated value with size 32 to match size of target (5) File: C:/FPGA/0321_Hw/Traffic_Light/Traffic_Light.v Line: 130
Warning (10230): Verilog HDL assignment warning at Traffic_Light.v(134): truncated value with size 32 to match size of target (5) File: C:/FPGA/0321_Hw/Traffic_Light/Traffic_Light.v Line: 134
Warning (10230): Verilog HDL assignment warning at Traffic_Light.v(138): truncated value with size 32 to match size of target (5) File: C:/FPGA/0321_Hw/Traffic_Light/Traffic_Light.v Line: 138
Warning (10230): Verilog HDL assignment warning at Traffic_Light.v(142): truncated value with size 32 to match size of target (5) File: C:/FPGA/0321_Hw/Traffic_Light/Traffic_Light.v Line: 142
Warning (10230): Verilog HDL assignment warning at Traffic_Light.v(146): truncated value with size 32 to match size of target (5) File: C:/FPGA/0321_Hw/Traffic_Light/Traffic_Light.v Line: 146
Warning (10230): Verilog HDL assignment warning at Traffic_Light.v(150): truncated value with size 32 to match size of target (5) File: C:/FPGA/0321_Hw/Traffic_Light/Traffic_Light.v Line: 150
Warning (10230): Verilog HDL assignment warning at Traffic_Light.v(157): truncated value with size 32 to match size of target (5) File: C:/FPGA/0321_Hw/Traffic_Light/Traffic_Light.v Line: 157
Info (10264): Verilog HDL Case Statement information at Traffic_Light.v(42): all case item expressions in this case statement are onehot File: C:/FPGA/0321_Hw/Traffic_Light/Traffic_Light.v Line: 42
Info (286030): Timing-Driven Synthesis is running
Info (16010): Generating hard_block partition "hard_block:auto_generated_inst"
    Info (16011): Adding 0 node(s), including 0 DDIO, 0 PLL, 0 transceiver and 0 LCELL
Info (21057): Implemented 68 device resources after synthesis - the final resource count might be different
    Info (21058): Implemented 5 input pins
    Info (21059): Implemented 6 output pins
    Info (21061): Implemented 57 logic cells
Info: Quartus Prime Analysis & Synthesis was successful. 0 errors, 25 warnings
    Info: Peak virtual memory: 4842 megabytes
    Info: Processing ended: Thu Apr 07 02:00:40 2022
    Info: Elapsed time: 00:00:07
    Info: Total CPU time (on all processors): 00:00:12


