Info: Start Nativelink Simulation process

========= EDA Simulation Settings =====================

Sim Mode              :  Gate
Family                :  cyclonev
Quartus root          :  c:/intelfpga_lite/20.1/quartus/bin64/
Quartus sim root      :  c:/intelfpga_lite/20.1/quartus/eda/sim_lib
Simulation Tool       :  modelsim-altera
Simulation Language   :  verilog
Simulation Mode       :  GUI
Sim Output File       :  Traffic_Light.vo
Sim SDF file          :  Traffic_Light__verilog.sdo
Sim dir               :  simulation\modelsim

=======================================================

Info: Starting NativeLink simulation with ModelSim-Altera software
Sourced NativeLink script c:/intelfpga_lite/20.1/quartus/common/tcl/internal/nativelink/modelsim.tcl
Warning: File Traffic_Light_run_msim_gate_verilog.do already exists - backing up current file as Traffic_Light_run_msim_gate_verilog.do.bak11
Probing transcript
ModelSim-Altera Info: # Reading pref.tcl
ModelSim-Altera Info: # do Traffic_Light_run_msim_gate_verilog.do
ModelSim-Altera Info: # if {[file exists gate_work]} {
ModelSim-Altera Info: # 	vdel -lib gate_work -all
ModelSim-Altera Info: # }
ModelSim-Altera Info: # vlib gate_work
ModelSim-Altera Info: # vmap work gate_work
ModelSim-Altera Info: # Model Technology ModelSim - Intel FPGA Edition vmap 2020.1 Lib Mapping Utility 2020.02 Feb 28 2020
ModelSim-Altera Info: # vmap work gate_work 
ModelSim-Altera Info: # Copying C:/intelFPGA/20.1/modelsim_ase/win32aloem/../modelsim.ini to modelsim.ini
ModelSim-Altera Info: # Modifying modelsim.ini
ModelSim-Altera Info: # 
ModelSim-Altera Info: # vlog -vlog01compat -work work +incdir+. {Traffic_Light.vo}
ModelSim-Altera Info: # Model Technology ModelSim - Intel FPGA Edition vlog 2020.1 Compiler 2020.02 Feb 28 2020
ModelSim-Altera Info: # Start time: 02:01:28 on Apr 07,2022
ModelSim-Altera Info: # vlog -reportprogress 300 -vlog01compat -work work "+incdir+." Traffic_Light.vo 
ModelSim-Altera Info: # -- Compiling module Traffic_Light
ModelSim-Altera Info: # 
ModelSim-Altera Info: # Top level modules:
ModelSim-Altera Info: # 	Traffic_Light
ModelSim-Altera Info: # End time: 02:01:28 on Apr 07,2022, Elapsed time: 0:00:00
ModelSim-Altera Info: # Errors: 0, Warnings: 0
ModelSim-Altera Info: # 
ModelSim-Altera Info: # vlog -vlog01compat -work work +incdir+C:/FPGA/0321_Hw/Traffic_Light {C:/FPGA/0321_Hw/Traffic_Light/Traffic_Light_tb.v}
ModelSim-Altera Info: # Model Technology ModelSim - Intel FPGA Edition vlog 2020.1 Compiler 2020.02 Feb 28 2020
ModelSim-Altera Info: # Start time: 02:01:28 on Apr 07,2022
ModelSim-Altera Info: # vlog -reportprogress 300 -vlog01compat -work work "+incdir+C:/FPGA/0321_Hw/Traffic_Light" C:/FPGA/0321_Hw/Traffic_Light/Traffic_Light_tb.v 
ModelSim-Altera Info: # -- Compiling module Traffic_Light_tb
ModelSim-Altera Info: # 
ModelSim-Altera Info: # Top level modules:
ModelSim-Altera Info: # 	Traffic_Light_tb
ModelSim-Altera Info: # End time: 02:01:28 on Apr 07,2022, Elapsed time: 0:00:00
ModelSim-Altera Info: # Errors: 0, Warnings: 0
ModelSim-Altera Info: # 
ModelSim-Altera Info: # vsim -t 1ps -L altera_ver -L altera_lnsim_ver -L cyclonev_ver -L lpm_ver -L sgate_ver -L cyclonev_hssi_ver -L altera_mf_ver -L cyclonev_pcie_hip_ver -L gate_work -L work -voptargs="+acc"  Traffic_Light_tb
ModelSim-Altera Info: # vsim -t 1ps -L altera_ver -L altera_lnsim_ver -L cyclonev_ver -L lpm_ver -L sgate_ver -L cyclonev_hssi_ver -L altera_mf_ver -L cyclonev_pcie_hip_ver -L gate_work -L work -voptargs=""+acc"" Traffic_Light_tb 
ModelSim-Altera Info: # Start time: 02:01:28 on Apr 07,2022
ModelSim-Altera Info: # Loading work.Traffic_Light_tb
ModelSim-Altera Info: # Loading work.Traffic_Light
ModelSim-Altera Info: # Loading cyclonev_ver.cyclonev_io_obuf
ModelSim-Altera Info: # Loading cyclonev_ver.cyclonev_io_ibuf
ModelSim-Altera Info: # Loading cyclonev_ver.cyclonev_clkena
ModelSim-Altera Info: # Loading cyclonev_ver.cyclonev_lcell_comb
ModelSim-Altera Info: # Loading altera_ver.dffeas
ModelSim-Altera Info: # Loading altera_ver.PRIM_GDFF_LOW
ModelSim-Altera Info: # End time: 02:01:32 on Apr 07,2022, Elapsed time: 0:00:04
ModelSim-Altera Info: # Errors: 0, Warnings: 0
Info: NativeLink simulation flow was successful
