Analysis & Synthesis report for number_count
Mon Mar 14 13:20:32 2022
Quartus Prime Version 20.1.0 Build 711 06/05/2020 SJ Lite Edition


---------------------
; Table of Contents ;
---------------------
  1. Legal Notice
  2. Analysis & Synthesis Summary
  3. Analysis & Synthesis Settings
  4. Parallel Compilation
  5. Analysis & Synthesis Source Files Read
  6. Analysis & Synthesis Resource Usage Summary
  7. Analysis & Synthesis Resource Utilization by Entity
  8. Logic Cells Representing Combinational Loops
  9. General Register Statistics
 10. Post-Synthesis Netlist Statistics for Top Partition
 11. Elapsed Time Per Partition
 12. Analysis & Synthesis Messages



----------------
; Legal Notice ;
----------------
Copyright (C) 2020  Intel Corporation. All rights reserved.
Your use of Intel Corporation's design tools, logic functions 
and other software and tools, and any partner logic 
functions, and any output files from any of the foregoing 
(including device programming or simulation files), and any 
associated documentation or information are expressly subject 
to the terms and conditions of the Intel Program License 
Subscription Agreement, the Intel Quartus Prime License Agreement,
the Intel FPGA IP License Agreement, or other applicable license
agreement, including, without limitation, that your use is for
the sole purpose of programming logic devices manufactured by
Intel and sold by Intel or its authorized distributors.  Please
refer to the applicable agreement for further details, at
https://fpgasoftware.intel.com/eula.



+-------------------------------------------------------------------------------+
; Analysis & Synthesis Summary                                                  ;
+---------------------------------+---------------------------------------------+
; Analysis & Synthesis Status     ; Successful - Mon Mar 14 13:20:32 2022       ;
; Quartus Prime Version           ; 20.1.0 Build 711 06/05/2020 SJ Lite Edition ;
; Revision Name                   ; number_count                                ;
; Top-level Entity Name           ; number_count                                ;
; Family                          ; Cyclone V                                   ;
; Logic utilization (in ALMs)     ; N/A                                         ;
; Total registers                 ; 0                                           ;
; Total pins                      ; 6                                           ;
; Total virtual pins              ; 0                                           ;
; Total block memory bits         ; 0                                           ;
; Total DSP Blocks                ; 0                                           ;
; Total HSSI RX PCSs              ; 0                                           ;
; Total HSSI PMA RX Deserializers ; 0                                           ;
; Total HSSI TX PCSs              ; 0                                           ;
; Total HSSI PMA TX Serializers   ; 0                                           ;
; Total PLLs                      ; 0                                           ;
; Total DLLs                      ; 0                                           ;
+---------------------------------+---------------------------------------------+


+---------------------------------------------------------------------------------------------------------------------------+
; Analysis & Synthesis Settings                                                                                             ;
+---------------------------------------------------------------------------------+--------------------+--------------------+
; Option                                                                          ; Setting            ; Default Value      ;
+---------------------------------------------------------------------------------+--------------------+--------------------+
; Device                                                                          ; 5CSXFC6D6F31C6     ;                    ;
; Top-level entity name                                                           ; number_count       ; number_count       ;
; Family name                                                                     ; Cyclone V          ; Cyclone V          ;
; Use smart compilation                                                           ; Off                ; Off                ;
; Enable parallel Assembler and Timing Analyzer during compilation                ; On                 ; On                 ;
; Enable compact report table                                                     ; Off                ; Off                ;
; Restructure Multiplexers                                                        ; Auto               ; Auto               ;
; MLAB Add Timing Constraints For Mixed-Port Feed-Through Mode Setting Don't Care ; Off                ; Off                ;
; Create Debugging Nodes for IP Cores                                             ; Off                ; Off                ;
; Preserve fewer node names                                                       ; On                 ; On                 ;
; Intel FPGA IP Evaluation Mode                                                   ; Enable             ; Enable             ;
; Verilog Version                                                                 ; Verilog_2001       ; Verilog_2001       ;
; VHDL Version                                                                    ; VHDL_1993          ; VHDL_1993          ;
; State Machine Processing                                                        ; Auto               ; Auto               ;
; Safe State Machine                                                              ; Off                ; Off                ;
; Extract Verilog State Machines                                                  ; On                 ; On                 ;
; Extract VHDL State Machines                                                     ; On                 ; On                 ;
; Ignore Verilog initial constructs                                               ; Off                ; Off                ;
; Iteration limit for constant Verilog loops                                      ; 5000               ; 5000               ;
; Iteration limit for non-constant Verilog loops                                  ; 250                ; 250                ;
; Add Pass-Through Logic to Inferred RAMs                                         ; On                 ; On                 ;
; Infer RAMs from Raw Logic                                                       ; On                 ; On                 ;
; Parallel Synthesis                                                              ; On                 ; On                 ;
; DSP Block Balancing                                                             ; Auto               ; Auto               ;
; NOT Gate Push-Back                                                              ; On                 ; On                 ;
; Power-Up Don't Care                                                             ; On                 ; On                 ;
; Remove Redundant Logic Cells                                                    ; Off                ; Off                ;
; Remove Duplicate Registers                                                      ; On                 ; On                 ;
; Ignore CARRY Buffers                                                            ; Off                ; Off                ;
; Ignore CASCADE Buffers                                                          ; Off                ; Off                ;
; Ignore GLOBAL Buffers                                                           ; Off                ; Off                ;
; Ignore ROW GLOBAL Buffers                                                       ; Off                ; Off                ;
; Ignore LCELL Buffers                                                            ; Off                ; Off                ;
; Ignore SOFT Buffers                                                             ; On                 ; On                 ;
; Limit AHDL Integers to 32 Bits                                                  ; Off                ; Off                ;
; Optimization Technique                                                          ; Balanced           ; Balanced           ;
; Carry Chain Length                                                              ; 70                 ; 70                 ;
; Auto Carry Chains                                                               ; On                 ; On                 ;
; Auto Open-Drain Pins                                                            ; On                 ; On                 ;
; Perform WYSIWYG Primitive Resynthesis                                           ; Off                ; Off                ;
; Auto ROM Replacement                                                            ; On                 ; On                 ;
; Auto RAM Replacement                                                            ; On                 ; On                 ;
; Auto DSP Block Replacement                                                      ; On                 ; On                 ;
; Auto Shift Register Replacement                                                 ; Auto               ; Auto               ;
; Allow Shift Register Merging across Hierarchies                                 ; Auto               ; Auto               ;
; Auto Clock Enable Replacement                                                   ; On                 ; On                 ;
; Strict RAM Replacement                                                          ; Off                ; Off                ;
; Allow Synchronous Control Signals                                               ; On                 ; On                 ;
; Force Use of Synchronous Clear Signals                                          ; Off                ; Off                ;
; Auto Resource Sharing                                                           ; Off                ; Off                ;
; Allow Any RAM Size For Recognition                                              ; Off                ; Off                ;
; Allow Any ROM Size For Recognition                                              ; Off                ; Off                ;
; Allow Any Shift Register Size For Recognition                                   ; Off                ; Off                ;
; Use LogicLock Constraints during Resource Balancing                             ; On                 ; On                 ;
; Ignore translate_off and synthesis_off directives                               ; Off                ; Off                ;
; Timing-Driven Synthesis                                                         ; On                 ; On                 ;
; Report Parameter Settings                                                       ; On                 ; On                 ;
; Report Source Assignments                                                       ; On                 ; On                 ;
; Report Connectivity Checks                                                      ; On                 ; On                 ;
; Ignore Maximum Fan-Out Assignments                                              ; Off                ; Off                ;
; Synchronization Register Chain Length                                           ; 3                  ; 3                  ;
; Power Optimization During Synthesis                                             ; Normal compilation ; Normal compilation ;
; HDL message level                                                               ; Level2             ; Level2             ;
; Suppress Register Optimization Related Messages                                 ; Off                ; Off                ;
; Number of Removed Registers Reported in Synthesis Report                        ; 5000               ; 5000               ;
; Number of Swept Nodes Reported in Synthesis Report                              ; 5000               ; 5000               ;
; Number of Inverted Registers Reported in Synthesis Report                       ; 100                ; 100                ;
; Clock MUX Protection                                                            ; On                 ; On                 ;
; Auto Gated Clock Conversion                                                     ; Off                ; Off                ;
; Block Design Naming                                                             ; Auto               ; Auto               ;
; SDC constraint protection                                                       ; Off                ; Off                ;
; Synthesis Effort                                                                ; Auto               ; Auto               ;
; Shift Register Replacement - Allow Asynchronous Clear Signal                    ; On                 ; On                 ;
; Pre-Mapping Resynthesis Optimization                                            ; Off                ; Off                ;
; Analysis & Synthesis Message Level                                              ; Medium             ; Medium             ;
; Disable Register Merging Across Hierarchies                                     ; Auto               ; Auto               ;
; Resource Aware Inference For Block RAM                                          ; On                 ; On                 ;
; Automatic Parallel Synthesis                                                    ; On                 ; On                 ;
; Partial Reconfiguration Bitstream ID                                            ; Off                ; Off                ;
+---------------------------------------------------------------------------------+--------------------+--------------------+


+------------------------------------------+
; Parallel Compilation                     ;
+----------------------------+-------------+
; Processors                 ; Number      ;
+----------------------------+-------------+
; Number detected on machine ; 12          ;
; Maximum allowed            ; 6           ;
;                            ;             ;
; Average used               ; 1.00        ;
; Maximum used               ; 1           ;
;                            ;             ;
; Usage by Processor         ; % Time Used ;
;     Processor 1            ; 100.0%      ;
+----------------------------+-------------+


+-----------------------------------------------------------------------------------------------------------------------------------------------+
; Analysis & Synthesis Source Files Read                                                                                                        ;
+----------------------------------+-----------------+------------------------------------+-------------------------------------------+---------+
; File Name with User-Entered Path ; Used in Netlist ; File Type                          ; File Name with Absolute Path              ; Library ;
+----------------------------------+-----------------+------------------------------------+-------------------------------------------+---------+
; number_count.bdf                 ; yes             ; User Block Diagram/Schematic File  ; C:/FPGA/0307_Hw1_Hw2/Hw2/number_count.bdf ;         ;
; cus_dff_2.bdf                    ; yes             ; User Block Diagram/Schematic File  ; C:/FPGA/0307_Hw1_Hw2/Hw2/cus_dff_2.bdf    ;         ;
+----------------------------------+-----------------+------------------------------------+-------------------------------------------+---------+


+--------------------------------------------------------+
; Analysis & Synthesis Resource Usage Summary            ;
+---------------------------------------------+----------+
; Resource                                    ; Usage    ;
+---------------------------------------------+----------+
; Estimate of Logic utilization (ALMs needed) ; 20       ;
;                                             ;          ;
; Combinational ALUT usage for logic          ; 32       ;
;     -- 7 input functions                    ; 0        ;
;     -- 6 input functions                    ; 8        ;
;     -- 5 input functions                    ; 10       ;
;     -- 4 input functions                    ; 6        ;
;     -- <=3 input functions                  ; 8        ;
;                                             ;          ;
; Dedicated logic registers                   ; 0        ;
;                                             ;          ;
; I/O pins                                    ; 6        ;
;                                             ;          ;
; Total DSP Blocks                            ; 0        ;
;                                             ;          ;
; Maximum fan-out node                        ; CK~input ;
; Maximum fan-out                             ; 20       ;
; Total fan-out                               ; 151      ;
; Average fan-out                             ; 3.43     ;
+---------------------------------------------+----------+


+-----------------------------------------------------------------------------------------------------------------------------------------------------------------------------------------------+
; Analysis & Synthesis Resource Utilization by Entity                                                                                                                                           ;
+----------------------------+---------------------+---------------------------+-------------------+------------+------+--------------+---------------------------+--------------+--------------+
; Compilation Hierarchy Node ; Combinational ALUTs ; Dedicated Logic Registers ; Block Memory Bits ; DSP Blocks ; Pins ; Virtual Pins ; Full Hierarchy Name       ; Entity Name  ; Library Name ;
+----------------------------+---------------------+---------------------------+-------------------+------------+------+--------------+---------------------------+--------------+--------------+
; |number_count              ; 32 (0)              ; 0 (0)                     ; 0                 ; 0          ; 6    ; 0            ; |number_count             ; number_count ; work         ;
;    |cus_dff_2:A|           ; 10 (10)             ; 0 (0)                     ; 0                 ; 0          ; 0    ; 0            ; |number_count|cus_dff_2:A ; cus_dff_2    ; work         ;
;    |cus_dff_2:B|           ; 8 (8)               ; 0 (0)                     ; 0                 ; 0          ; 0    ; 0            ; |number_count|cus_dff_2:B ; cus_dff_2    ; work         ;
;    |cus_dff_2:C|           ; 6 (6)               ; 0 (0)                     ; 0                 ; 0          ; 0    ; 0            ; |number_count|cus_dff_2:C ; cus_dff_2    ; work         ;
;    |cus_dff_2:D|           ; 4 (4)               ; 0 (0)                     ; 0                 ; 0          ; 0    ; 0            ; |number_count|cus_dff_2:D ; cus_dff_2    ; work         ;
;    |cus_dff_2:E|           ; 4 (4)               ; 0 (0)                     ; 0                 ; 0          ; 0    ; 0            ; |number_count|cus_dff_2:E ; cus_dff_2    ; work         ;
+----------------------------+---------------------+---------------------------+-------------------+------------+------+--------------+---------------------------+--------------+--------------+
Note: For table entries with two numbers listed, the numbers in parentheses indicate the number of resources of the given type used by the specific entity alone. The numbers listed outside of parentheses indicate the total resources of the given type used by the specific entity and all of its sub-entities in the hierarchy.


+-------------------------------------------------------------+
; Logic Cells Representing Combinational Loops                ;
+--------------------------------------------------------+----+
; Logic Cell Name                                        ;    ;
+--------------------------------------------------------+----+
; cus_dff_2:D|inst5~0                                    ;    ;
; cus_dff_2:C|inst5~0                                    ;    ;
; cus_dff_2:B|inst2~0                                    ;    ;
; cus_dff_2:B|inst6~0                                    ;    ;
; cus_dff_2:A|inst5~0                                    ;    ;
; cus_dff_2:D|inst2~0                                    ;    ;
; cus_dff_2:D|inst4~0                                    ;    ;
; cus_dff_2:C|inst2~0                                    ;    ;
; cus_dff_2:C|inst4~0                                    ;    ;
; cus_dff_2:B|inst4~0                                    ;    ;
; cus_dff_2:A|inst2~0                                    ;    ;
; cus_dff_2:A|inst4~0                                    ;    ;
; cus_dff_2:E|inst2~0                                    ;    ;
; cus_dff_2:E|inst6~0                                    ;    ;
; cus_dff_2:E|inst4~0                                    ;    ;
; Number of logic cells representing combinational loops ; 15 ;
+--------------------------------------------------------+----+
Note: All cells listed above may not be present at the end of synthesis due to various synthesis optimizations.


+------------------------------------------------------+
; General Register Statistics                          ;
+----------------------------------------------+-------+
; Statistic                                    ; Value ;
+----------------------------------------------+-------+
; Total registers                              ; 0     ;
; Number of registers using Synchronous Clear  ; 0     ;
; Number of registers using Synchronous Load   ; 0     ;
; Number of registers using Asynchronous Clear ; 0     ;
; Number of registers using Asynchronous Load  ; 0     ;
; Number of registers using Clock Enable       ; 0     ;
; Number of registers using Preset             ; 0     ;
+----------------------------------------------+-------+


+-----------------------------------------------------+
; Post-Synthesis Netlist Statistics for Top Partition ;
+-----------------------+-----------------------------+
; Type                  ; Count                       ;
+-----------------------+-----------------------------+
; arriav_lcell_comb     ; 35                          ;
;     normal            ; 35                          ;
;         1 data inputs ; 3                           ;
;         2 data inputs ; 5                           ;
;         3 data inputs ; 3                           ;
;         4 data inputs ; 6                           ;
;         5 data inputs ; 10                          ;
;         6 data inputs ; 8                           ;
; boundary_port         ; 6                           ;
;                       ;                             ;
; Max LUT depth         ; 3.00                        ;
; Average LUT depth     ; 1.91                        ;
+-----------------------+-----------------------------+


+-------------------------------+
; Elapsed Time Per Partition    ;
+----------------+--------------+
; Partition Name ; Elapsed Time ;
+----------------+--------------+
; Top            ; 00:00:00     ;
+----------------+--------------+


+-------------------------------+
; Analysis & Synthesis Messages ;
+-------------------------------+
Info: *******************************************************************
Info: Running Quartus Prime Analysis & Synthesis
    Info: Version 20.1.0 Build 711 06/05/2020 SJ Lite Edition
    Info: Processing started: Mon Mar 14 13:20:26 2022
Info: Command: quartus_map --read_settings_files=on --write_settings_files=off number_count -c number_count
Warning (18236): Number of processors has not been specified which may cause overloading on shared machines.  Set the global assignment NUM_PARALLEL_PROCESSORS in your QSF to an appropriate value for best performance.
Info (20030): Parallel compilation is enabled and will use 6 of the 6 processors detected
Info (12021): Found 1 design units, including 1 entities, in source file cus_dff.bdf
    Info (12023): Found entity 1: cus_dff
Info (12021): Found 1 design units, including 1 entities, in source file cus_jkff.bdf
    Info (12023): Found entity 1: cus_jkff
Info (12021): Found 1 design units, including 1 entities, in source file cus_tff.bdf
    Info (12023): Found entity 1: cus_tff
Info (12021): Found 1 design units, including 1 entities, in source file number_count.bdf
    Info (12023): Found entity 1: number_count
Info (12021): Found 1 design units, including 1 entities, in source file and_5bit.bdf
    Info (12023): Found entity 1: and_5bit
Info (12021): Found 1 design units, including 1 entities, in source file count_2bit.bdf
    Info (12023): Found entity 1: count_2bit
Info (12021): Found 1 design units, including 1 entities, in source file count_4bit_test.bdf
    Info (12023): Found entity 1: count_4bit_test
Info (12021): Found 1 design units, including 1 entities, in source file count_4bit_test_2.bdf
    Info (12023): Found entity 1: count_4bit_test_2
Info (12021): Found 1 design units, including 1 entities, in source file cus_dff_2.bdf
    Info (12023): Found entity 1: cus_dff_2
Info (12021): Found 1 design units, including 1 entities, in source file dff_test.bdf
    Info (12023): Found entity 1: dff_test
Info (12127): Elaborating entity "number_count" for the top level hierarchy
Info (12128): Elaborating entity "cus_dff_2" for hierarchy "cus_dff_2:D"
Info (286030): Timing-Driven Synthesis is running
Info (16010): Generating hard_block partition "hard_block:auto_generated_inst"
    Info (16011): Adding 0 node(s), including 0 DDIO, 0 PLL, 0 transceiver and 0 LCELL
Info (21057): Implemented 38 device resources after synthesis - the final resource count might be different
    Info (21058): Implemented 2 input pins
    Info (21059): Implemented 4 output pins
    Info (21061): Implemented 32 logic cells
Info: Quartus Prime Analysis & Synthesis was successful. 0 errors, 1 warning
    Info: Peak virtual memory: 4827 megabytes
    Info: Processing ended: Mon Mar 14 13:20:32 2022
    Info: Elapsed time: 00:00:06
    Info: Total CPU time (on all processors): 00:00:14


